{
"C:\\Code\\camp-test\\src\\activities.spec.js":{"path":"C:\\Code\\camp-test\\src\\activities.spec.js","s":{"1":1,"2":1,"3":1,"4":12,"5":7,"6":5,"7":5,"8":5,"9":5,"10":1,"11":1,"12":1,"13":0,"14":0,"15":1,"16":0,"17":0,"18":0,"19":0,"20":0,"21":1,"22":0,"23":1,"24":1,"25":1,"26":1,"27":1,"28":2,"29":2,"30":2,"31":2,"32":2,"33":2,"34":0,"35":2,"36":0,"37":2,"38":8,"39":0,"40":3,"41":3,"42":1,"43":3,"44":8,"45":0,"46":4,"47":4,"48":4,"49":2,"50":4,"51":8,"52":0,"53":2,"54":2,"55":2,"56":1,"57":2,"58":1,"59":1,"60":8,"61":1,"62":1,"63":1,"64":1,"65":1,"66":0,"67":1,"68":1,"69":1,"70":1,"71":0,"72":1,"73":1,"74":1,"75":1,"76":0,"77":1,"78":1,"79":1,"80":1,"81":1,"82":1,"83":0,"84":1,"85":1,"86":1,"87":0,"88":1,"89":1,"90":1,"91":1,"92":1,"93":0,"94":1,"95":1,"96":1,"97":1,"98":1,"99":0,"100":1,"101":1,"102":2,"103":1,"104":2,"105":1,"106":1,"107":1,"108":1,"109":1,"110":1,"111":1,"112":1,"113":0,"114":1,"115":1,"116":1,"117":1,"118":0,"119":1,"120":1,"121":1,"122":1,"123":1,"124":1,"125":1,"126":1,"127":1,"128":1,"129":1,"130":1,"131":1,"132":1,"133":1,"134":1,"135":1,"136":1,"137":1,"138":14,"139":1,"140":1,"141":14,"142":14,"143":14,"144":14,"145":14,"146":14,"147":14,"148":14,"149":14,"150":1,"151":1,"152":1,"153":1,"154":8,"155":8,"156":8,"157":8,"158":1,"159":1,"160":6,"161":8,"162":1,"163":1,"164":2,"165":2,"166":1,"167":16,"168":16,"169":1,"170":0,"171":0,"172":0,"173":0,"174":0,"175":0,"176":1,"177":16,"178":1,"179":0,"180":0,"181":0,"182":1,"183":14,"184":14,"185":6,"186":8,"187":14,"188":14,"189":14,"190":14,"191":1,"192":2,"193":1,"194":1,"195":3,"196":3,"197":70,"198":65,"199":3,"200":1,"201":72,"202":228,"203":5,"204":67,"205":1,"206":16,"207":14,"208":2,"209":1,"210":2,"211":2,"212":2,"213":2,"214":2,"215":2,"216":2,"217":2,"218":1,"219":0,"220":0,"221":1,"222":1,"223":2,"224":2,"225":2,"226":2,"227":2,"228":1,"229":0,"230":0,"231":0,"232":0,"233":1,"234":2,"235":2,"236":0,"237":0,"238":0,"239":0,"240":0,"241":2,"242":2,"243":1,"244":0,"245":0,"246":0,"247":0,"248":0,"249":0,"250":1,"251":1,"252":2,"253":0,"254":2,"255":0,"256":2,"257":1,"258":1,"259":1,"260":1,"261":2,"262":2,"263":2,"264":2,"265":2,"266":2,"267":2,"268":0,"269":0,"270":0,"271":0,"272":0,"273":0,"274":0,"275":0,"276":0,"277":0,"278":0,"279":0,"280":0,"281":0,"282":0,"283":2,"284":2,"285":2,"286":2,"287":2,"288":0,"289":0,"290":0,"291":0,"292":0,"293":0,"294":0,"295":0,"296":0,"297":0,"298":0,"299":0,"300":2,"301":2,"302":0,"303":2,"304":2,"305":2,"306":2,"307":2,"308":0,"309":2,"310":2,"311":0,"312":0,"313":0,"314":0,"315":0,"316":0,"317":2,"318":2,"319":0,"320":0,"321":0,"322":0,"323":2,"324":0,"325":2,"326":2,"327":2,"328":2,"329":2,"330":2,"331":2,"332":2,"333":2,"334":2,"335":2,"336":0,"337":2,"338":0,"339":2,"340":2,"341":2,"342":2,"343":2,"344":0,"345":0,"346":0,"347":0,"348":0,"349":0,"350":0,"351":0,"352":0,"353":0,"354":0,"355":0,"356":0,"357":0,"358":0,"359":0,"360":0,"361":0,"362":1,"363":1,"364":1,"365":1,"366":1,"367":1,"368":2,"369":0,"370":2,"371":1,"372":2,"373":0,"374":2,"375":2,"376":2,"377":2,"378":1,"379":0,"380":0,"381":0,"382":1,"383":0,"384":0,"385":0,"386":0,"387":1,"388":0,"389":1,"390":1,"391":1,"392":1,"393":1,"394":1,"395":0,"396":0,"397":0,"398":0,"399":0,"400":0,"401":0,"402":0,"403":0,"404":0,"405":0,"406":1,"407":1,"408":0,"409":1,"410":0,"411":0,"412":0,"413":0,"414":1,"415":3,"416":3,"417":6,"418":1,"419":1,"420":1,"421":1,"422":1,"423":0,"424":0,"425":0,"426":0,"427":0,"428":0,"429":0,"430":0,"431":0,"432":0,"433":0,"434":0,"435":0,"436":0,"437":0,"438":0,"439":0,"440":0,"441":0,"442":0,"443":0,"444":0,"445":0,"446":0,"447":0,"448":0,"449":0,"450":0,"451":0,"452":0,"453":0,"454":0,"455":0,"456":0,"457":0,"458":0,"459":0,"460":0,"461":0,"462":0,"463":0,"464":0,"465":0,"466":0,"467":0,"468":1,"469":1,"470":1,"471":1,"472":1,"473":2,"474":1,"475":0,"476":1,"477":0,"478":1,"479":2,"480":1,"481":3,"482":1,"483":0,"484":1,"485":0,"486":0,"487":0,"488":0,"489":0,"490":0,"491":0,"492":0,"493":0,"494":1,"495":1,"496":1,"497":1,"498":1,"499":0,"500":1,"501":2,"502":1,"503":2,"504":0,"505":0,"506":0,"507":1,"508":1,"509":1,"510":1,"511":1,"512":1,"513":1,"514":1,"515":1,"516":1,"517":0,"518":0,"519":1,"520":1,"521":1,"522":1,"523":0,"524":1,"525":1,"526":0,"527":1},"b":{"1":[7,5],"2":[0,0],"3":[0,0],"4":[0,0],"5":[2,0],"6":[1,2],"7":[3,2],"8":[2,2],"9":[4,3],"10":[1,1],"11":[1,0],"12":[16,16],"13":[0,0],"14":[0,0],"15":[0,0],"16":[6,8],"17":[14,0],"18":[3,2],"19":[65,5],"20":[5,223],"21":[2,12],"22":[0,0],"23":[0,2],"24":[0,0],"25":[0,0],"26":[2,0],"27":[0,0],"28":[0,2],"29":[0,2],"30":[0,0],"31":[0,0],"32":[0,2],"33":[0,0],"34":[0,0],"35":[0,0],"36":[0,0],"37":[0,0],"38":[0,2],"39":[2,0],"40":[0,2],"41":[0,0],"42":[0,2,2,0,0,0,0],"43":[2,0],"44":[0,2],"45":[2,2],"46":[2,0],"47":[2,2],"48":[2,2],"49":[2,0],"50":[0,2],"51":[0,2],"52":[0,0],"53":[0,0],"54":[0,2],"55":[0,2],"56":[0,0],"57":[0,0],"58":[0,0],"59":[0,0],"60":[0,0],"61":[0,0],"62":[0,0],"63":[0,0],"64":[0,0],"65":[0,0],"66":[0,0],"67":[0,0,0,0],"68":[0,0],"69":[0,0],"70":[0,0],"71":[0,0],"72":[0,0],"73":[0,0],"74":[1,0,0],"75":[0,0],"76":[0,1],"77":[0,1]},"f":{"1":1,"2":12,"3":0,"4":0,"5":0,"6":0,"7":0,"8":1,"9":8,"10":2,"11":2,"12":0,"13":3,"14":0,"15":4,"16":0,"17":2,"18":1,"19":1,"20":1,"21":1,"22":1,"23":1,"24":1,"25":1,"26":1,"27":1,"28":2,"29":2,"30":1,"31":1,"32":1,"33":1,"34":1,"35":1,"36":1,"37":1,"38":1,"39":14,"40":0,"41":14,"42":8,"43":6,"44":8,"45":1,"46":2,"47":16,"48":0,"49":16,"50":0,"51":14,"52":2,"53":1,"54":3,"55":72,"56":16,"57":14,"58":2,"59":0,"60":1,"61":2,"62":0,"63":2,"64":0,"65":2,"66":2,"67":0,"68":0,"69":0,"70":0,"71":0,"72":2,"73":2,"74":0,"75":0,"76":2,"77":0,"78":2,"79":2,"80":0,"81":0,"82":0,"83":1,"84":1,"85":2,"86":2,"87":0,"88":0,"89":0,"90":1,"91":1,"92":0,"93":0,"94":0,"95":0,"96":0,"97":0,"98":3,"99":1,"100":0,"101":0,"102":0,"103":0,"104":0,"105":0,"106":0,"107":0,"108":0,"109":0,"110":0,"111":1,"112":1,"113":2,"114":0,"115":0,"116":2,"117":3,"118":0,"119":0,"120":1,"121":1,"122":0,"123":2,"124":2,"125":1,"126":1,"127":1,"128":0,"129":1,"130":0},"fnMap":{"1":{"name":"(anonymous_1)","line":1,"loc":{"start":{"line":1,"column":10},"end":{"line":1,"column":28}}},"2":{"name":"__webpack_require__","line":6,"loc":{"start":{"line":6,"column":10},"end":{"line":6,"column":49}}},"3":{"name":"(anonymous_3)","line":37,"loc":{"start":{"line":37,"column":34},"end":{"line":37,"column":66}}},"4":{"name":"(anonymous_4)","line":48,"loc":{"start":{"line":48,"column":34},"end":{"line":48,"column":51}}},"5":{"name":"getDefault","line":50,"loc":{"start":{"line":50,"column":12},"end":{"line":50,"column":34}}},"6":{"name":"getModuleExports","line":51,"loc":{"start":{"line":51,"column":12},"end":{"line":51,"column":40}}},"7":{"name":"(anonymous_7)","line":57,"loc":{"start":{"line":57,"column":34},"end":{"line":57,"column":61}}},"8":{"name":"(anonymous_8)","line":68,"loc":{"start":{"line":68,"column":7},"end":{"line":68,"column":66}}},"9":{"name":"(anonymous_9)","line":72,"loc":{"start":{"line":72,"column":63},"end":{"line":72,"column":75}}},"10":{"name":"getResource","line":73,"loc":{"start":{"line":73,"column":4},"end":{"line":73,"column":30}}},"11":{"name":"(anonymous_11)","line":74,"loc":{"start":{"line":74,"column":27},"end":{"line":74,"column":54}}},"12":{"name":"(anonymous_12)","line":100,"loc":{"start":{"line":100,"column":22},"end":{"line":100,"column":25}}},"13":{"name":"(anonymous_13)","line":109,"loc":{"start":{"line":109,"column":12},"end":{"line":109,"column":30}}},"14":{"name":"(anonymous_14)","line":121,"loc":{"start":{"line":121,"column":22},"end":{"line":121,"column":25}}},"15":{"name":"(anonymous_15)","line":139,"loc":{"start":{"line":139,"column":12},"end":{"line":139,"column":30}}},"16":{"name":"(anonymous_16)","line":163,"loc":{"start":{"line":163,"column":22},"end":{"line":163,"column":25}}},"17":{"name":"(anonymous_17)","line":172,"loc":{"start":{"line":172,"column":12},"end":{"line":172,"column":30}}},"18":{"name":"(anonymous_18)","line":196,"loc":{"start":{"line":196,"column":7},"end":{"line":196,"column":54}}},"19":{"name":"(anonymous_19)","line":200,"loc":{"start":{"line":200,"column":24},"end":{"line":200,"column":36}}},"20":{"name":"(anonymous_20)","line":201,"loc":{"start":{"line":201,"column":50},"end":{"line":201,"column":66}}},"21":{"name":"(anonymous_21)","line":210,"loc":{"start":{"line":210,"column":45},"end":{"line":210,"column":61}}},"22":{"name":"(anonymous_22)","line":221,"loc":{"start":{"line":221,"column":56},"end":{"line":221,"column":72}}},"23":{"name":"(anonymous_23)","line":233,"loc":{"start":{"line":233,"column":21},"end":{"line":233,"column":33}}},"24":{"name":"(anonymous_24)","line":234,"loc":{"start":{"line":234,"column":44},"end":{"line":234,"column":60}}},"25":{"name":"(anonymous_25)","line":254,"loc":{"start":{"line":254,"column":49},"end":{"line":254,"column":65}}},"26":{"name":"(anonymous_26)","line":266,"loc":{"start":{"line":266,"column":47},"end":{"line":266,"column":63}}},"27":{"name":"(anonymous_27)","line":279,"loc":{"start":{"line":279,"column":35},"end":{"line":279,"column":47}}},"28":{"name":"(anonymous_28)","line":280,"loc":{"start":{"line":280,"column":13},"end":{"line":280,"column":25}}},"29":{"name":"(anonymous_29)","line":284,"loc":{"start":{"line":284,"column":12},"end":{"line":284,"column":24}}},"30":{"name":"(anonymous_30)","line":288,"loc":{"start":{"line":288,"column":43},"end":{"line":288,"column":55}}},"31":{"name":"(anonymous_31)","line":290,"loc":{"start":{"line":290,"column":60},"end":{"line":290,"column":76}}},"32":{"name":"(anonymous_32)","line":311,"loc":{"start":{"line":311,"column":48},"end":{"line":311,"column":64}}},"33":{"name":"(anonymous_33)","line":334,"loc":{"start":{"line":334,"column":7},"end":{"line":334,"column":54}}},"34":{"name":"(anonymous_34)","line":336,"loc":{"start":{"line":336,"column":28},"end":{"line":336,"column":45}}},"35":{"name":"(anonymous_35)","line":369,"loc":{"start":{"line":369,"column":1},"end":{"line":369,"column":26}}},"36":{"name":"(anonymous_36)","line":380,"loc":{"start":{"line":380,"column":51},"end":{"line":380,"column":91}}},"37":{"name":"(anonymous_37)","line":383,"loc":{"start":{"line":383,"column":30},"end":{"line":383,"column":49}}},"38":{"name":"(anonymous_38)","line":398,"loc":{"start":{"line":398,"column":35},"end":{"line":398,"column":46}}},"39":{"name":"now","line":399,"loc":{"start":{"line":399,"column":2},"end":{"line":399,"column":17}}},"40":{"name":"noop","line":403,"loc":{"start":{"line":403,"column":2},"end":{"line":403,"column":18}}},"41":{"name":"XMLHttpRequestEvent","line":408,"loc":{"start":{"line":408,"column":2},"end":{"line":408,"column":42}}},"42":{"name":"XMLHttpRequestProgressEvent","line":429,"loc":{"start":{"line":429,"column":2},"end":{"line":429,"column":41}}},"43":{"name":"(anonymous_43)","line":441,"loc":{"start":{"line":441,"column":11},"end":{"line":441,"column":31}}},"44":{"name":"(anonymous_44)","line":445,"loc":{"start":{"line":445,"column":19},"end":{"line":445,"column":39}}},"45":{"name":"(anonymous_45)","line":450,"loc":{"start":{"line":450,"column":38},"end":{"line":450,"column":61}}},"46":{"name":"EventBus","line":451,"loc":{"start":{"line":451,"column":2},"end":{"line":451,"column":28}}},"47":{"name":"ensureEvent","line":456,"loc":{"start":{"line":456,"column":2},"end":{"line":456,"column":40}}},"48":{"name":"findIndex","line":461,"loc":{"start":{"line":461,"column":2},"end":{"line":461,"column":34}}},"49":{"name":"(anonymous_49)","line":475,"loc":{"start":{"line":475,"column":40},"end":{"line":475,"column":66}}},"50":{"name":"(anonymous_50)","line":479,"loc":{"start":{"line":479,"column":43},"end":{"line":479,"column":69}}},"51":{"name":"(anonymous_51)","line":487,"loc":{"start":{"line":487,"column":31},"end":{"line":487,"column":47}}},"52":{"name":"(anonymous_52)","line":508,"loc":{"start":{"line":508,"column":9},"end":{"line":508,"column":26}}},"53":{"name":"(anonymous_53)","line":513,"loc":{"start":{"line":513,"column":41},"end":{"line":513,"column":67}}},"54":{"name":"extend","line":514,"loc":{"start":{"line":514,"column":2},"end":{"line":514,"column":57}}},"55":{"name":"arrayContains","line":524,"loc":{"start":{"line":524,"column":2},"end":{"line":524,"column":36}}},"56":{"name":"wrapProgressEvent","line":533,"loc":{"start":{"line":533,"column":2},"end":{"line":533,"column":45}}},"57":{"name":"(anonymous_57)","line":534,"loc":{"start":{"line":534,"column":11},"end":{"line":534,"column":22}}},"58":{"name":"initializeEvents","line":541,"loc":{"start":{"line":541,"column":2},"end":{"line":541,"column":33}}},"59":{"name":"unconvertibleResponseTypeMessage","line":552,"loc":{"start":{"line":552,"column":2},"end":{"line":552,"column":50}}},"60":{"name":"fakeRequest","line":562,"loc":{"start":{"line":562,"column":2},"end":{"line":562,"column":73}}},"61":{"name":"FakeXMLHttpRequest","line":563,"loc":{"start":{"line":563,"column":4},"end":{"line":563,"column":34}}},"62":{"name":"findHeader","line":571,"loc":{"start":{"line":571,"column":4},"end":{"line":571,"column":39}}},"63":{"name":"normalizeHeaders","line":580,"loc":{"start":{"line":580,"column":4},"end":{"line":580,"column":55}}},"64":{"name":"parseXml","line":600,"loc":{"start":{"line":600,"column":4},"end":{"line":600,"column":44}}},"65":{"name":"getResponseXml","line":613,"loc":{"start":{"line":613,"column":4},"end":{"line":613,"column":55}}},"66":{"name":"(anonymous_66)","line":633,"loc":{"start":{"line":633,"column":12},"end":{"line":633,"column":23}}},"67":{"name":"(anonymous_67)","line":643,"loc":{"start":{"line":643,"column":24},"end":{"line":643,"column":48}}},"68":{"name":"(anonymous_68)","line":655,"loc":{"start":{"line":655,"column":24},"end":{"line":655,"column":39}}},"69":{"name":"(anonymous_69)","line":659,"loc":{"start":{"line":659,"column":13},"end":{"line":659,"column":24}}},"70":{"name":"(anonymous_70)","line":680,"loc":{"start":{"line":680,"column":24},"end":{"line":680,"column":35}}},"71":{"name":"(anonymous_71)","line":684,"loc":{"start":{"line":684,"column":27},"end":{"line":684,"column":53}}},"72":{"name":"(anonymous_72)","line":690,"loc":{"start":{"line":690,"column":12},"end":{"line":690,"column":27}}},"73":{"name":"(anonymous_73)","line":699,"loc":{"start":{"line":699,"column":20},"end":{"line":699,"column":35}}},"74":{"name":"(anonymous_74)","line":713,"loc":{"start":{"line":713,"column":19},"end":{"line":713,"column":30}}},"75":{"name":"(anonymous_75)","line":717,"loc":{"start":{"line":717,"column":12},"end":{"line":717,"column":23}}},"76":{"name":"(anonymous_76)","line":725,"loc":{"start":{"line":725,"column":25},"end":{"line":725,"column":40}}},"77":{"name":"(anonymous_77)","line":743,"loc":{"start":{"line":743,"column":29},"end":{"line":743,"column":40}}},"78":{"name":"(anonymous_78)","line":759,"loc":{"start":{"line":759,"column":21},"end":{"line":759,"column":32}}},"79":{"name":"(anonymous_79)","line":777,"loc":{"start":{"line":777,"column":19},"end":{"line":777,"column":38}}},"80":{"name":"(anonymous_80)","line":809,"loc":{"start":{"line":809,"column":23},"end":{"line":809,"column":34}}},"81":{"name":"(anonymous_81)","line":821,"loc":{"start":{"line":821,"column":21},"end":{"line":821,"column":32}}},"82":{"name":"(anonymous_82)","line":832,"loc":{"start":{"line":832,"column":28},"end":{"line":832,"column":43}}},"83":{"name":"(anonymous_83)","line":845,"loc":{"start":{"line":845,"column":34},"end":{"line":845,"column":50}}},"84":{"name":"MockAjax","line":846,"loc":{"start":{"line":846,"column":2},"end":{"line":846,"column":28}}},"85":{"name":"(anonymous_85)","line":853,"loc":{"start":{"line":853,"column":19},"end":{"line":853,"column":30}}},"86":{"name":"(anonymous_86)","line":861,"loc":{"start":{"line":861,"column":21},"end":{"line":861,"column":32}}},"87":{"name":"(anonymous_87)","line":872,"loc":{"start":{"line":872,"column":23},"end":{"line":872,"column":51}}},"88":{"name":"(anonymous_88)","line":878,"loc":{"start":{"line":878,"column":20},"end":{"line":878,"column":38}}},"89":{"name":"(anonymous_89)","line":887,"loc":{"start":{"line":887,"column":32},"end":{"line":887,"column":49}}},"90":{"name":"(anonymous_90)","line":898,"loc":{"start":{"line":898,"column":41},"end":{"line":898,"column":52}}},"91":{"name":"ParamParser","line":899,"loc":{"start":{"line":899,"column":2},"end":{"line":899,"column":25}}},"92":{"name":"(anonymous_92)","line":902,"loc":{"start":{"line":902,"column":14},"end":{"line":902,"column":28}}},"93":{"name":"jsonParser","line":905,"loc":{"start":{"line":905,"column":15},"end":{"line":905,"column":48}}},"94":{"name":"(anonymous_94)","line":910,"loc":{"start":{"line":910,"column":14},"end":{"line":910,"column":28}}},"95":{"name":"naiveParser","line":913,"loc":{"start":{"line":913,"column":15},"end":{"line":913,"column":49}}},"96":{"name":"(anonymous_96)","line":929,"loc":{"start":{"line":929,"column":15},"end":{"line":929,"column":32}}},"97":{"name":"(anonymous_97)","line":933,"loc":{"start":{"line":933,"column":22},"end":{"line":933,"column":36}}},"98":{"name":"(anonymous_98)","line":942,"loc":{"start":{"line":942,"column":17},"end":{"line":942,"column":28}}},"99":{"name":"(anonymous_99)","line":955,"loc":{"start":{"line":955,"column":41},"end":{"line":955,"column":52}}},"100":{"name":"RequestStub","line":961,"loc":{"start":{"line":961,"column":2},"end":{"line":961,"column":46}}},"101":{"name":"(anonymous_101)","line":962,"loc":{"start":{"line":962,"column":25},"end":{"line":962,"column":41}}},"102":{"name":"(anonymous_102)","line":978,"loc":{"start":{"line":978,"column":21},"end":{"line":978,"column":39}}},"103":{"name":"(anonymous_103)","line":989,"loc":{"start":{"line":989,"column":20},"end":{"line":989,"column":31}}},"104":{"name":"(anonymous_104)","line":993,"loc":{"start":{"line":993,"column":20},"end":{"line":993,"column":31}}},"105":{"name":"(anonymous_105)","line":997,"loc":{"start":{"line":997,"column":19},"end":{"line":997,"column":30}}},"106":{"name":"(anonymous_106)","line":1001,"loc":{"start":{"line":1001,"column":22},"end":{"line":1001,"column":33}}},"107":{"name":"(anonymous_107)","line":1005,"loc":{"start":{"line":1005,"column":21},"end":{"line":1005,"column":32}}},"108":{"name":"(anonymous_108)","line":1009,"loc":{"start":{"line":1009,"column":27},"end":{"line":1009,"column":52}}},"109":{"name":"(anonymous_109)","line":1014,"loc":{"start":{"line":1014,"column":26},"end":{"line":1014,"column":37}}},"110":{"name":"(anonymous_110)","line":1018,"loc":{"start":{"line":1018,"column":19},"end":{"line":1018,"column":51}}},"111":{"name":"(anonymous_111)","line":1042,"loc":{"start":{"line":1042,"column":44},"end":{"line":1042,"column":55}}},"112":{"name":"RequestTracker","line":1043,"loc":{"start":{"line":1043,"column":2},"end":{"line":1043,"column":28}}},"113":{"name":"(anonymous_113)","line":1046,"loc":{"start":{"line":1046,"column":17},"end":{"line":1046,"column":35}}},"114":{"name":"(anonymous_114)","line":1050,"loc":{"start":{"line":1050,"column":17},"end":{"line":1050,"column":28}}},"115":{"name":"(anonymous_115)","line":1054,"loc":{"start":{"line":1054,"column":17},"end":{"line":1054,"column":28}}},"116":{"name":"(anonymous_116)","line":1058,"loc":{"start":{"line":1058,"column":17},"end":{"line":1058,"column":28}}},"117":{"name":"(anonymous_117)","line":1062,"loc":{"start":{"line":1062,"column":22},"end":{"line":1062,"column":33}}},"118":{"name":"(anonymous_118)","line":1066,"loc":{"start":{"line":1066,"column":14},"end":{"line":1066,"column":30}}},"119":{"name":"(anonymous_119)","line":1070,"loc":{"start":{"line":1070,"column":18},"end":{"line":1070,"column":41}}},"120":{"name":"(anonymous_120)","line":1094,"loc":{"start":{"line":1094,"column":41},"end":{"line":1094,"column":52}}},"121":{"name":"StubTracker","line":1095,"loc":{"start":{"line":1095,"column":2},"end":{"line":1095,"column":25}}},"122":{"name":"(anonymous_122)","line":1098,"loc":{"start":{"line":1098,"column":19},"end":{"line":1098,"column":34}}},"123":{"name":"(anonymous_123)","line":1102,"loc":{"start":{"line":1102,"column":17},"end":{"line":1102,"column":28}}},"124":{"name":"(anonymous_124)","line":1106,"loc":{"start":{"line":1106,"column":20},"end":{"line":1106,"column":48}}},"125":{"name":"(anonymous_125)","line":1131,"loc":{"start":{"line":1131,"column":7},"end":{"line":1131,"column":33}}},"126":{"name":"(anonymous_126)","line":1136,"loc":{"start":{"line":1136,"column":5},"end":{"line":1136,"column":16}}},"127":{"name":"(anonymous_127)","line":1158,"loc":{"start":{"line":1158,"column":7},"end":{"line":1158,"column":66}}},"128":{"name":"addWaiver","line":1164,"loc":{"start":{"line":1164,"column":0},"end":{"line":1164,"column":27}}},"129":{"name":"(anonymous_129)","line":1168,"loc":{"start":{"line":1168,"column":63},"end":{"line":1168,"column":79}}},"130":{"name":"(anonymous_130)","line":1180,"loc":{"start":{"line":1180,"column":22},"end":{"line":1180,"column":25}}}},"statementMap":{"1":{"start":{"line":1,"column":9},"end":{"line":1197,"column":12}},"2":{"start":{"line":3,"column":10},"end":{"line":3,"column":36}},"3":{"start":{"line":6,"column":10},"end":{"line":27,"column":11}},"4":{"start":{"line":9,"column":11},"end":{"line":11,"column":12}},"5":{"start":{"line":10,"column":12},"end":{"line":10,"column":54}},"6":{"start":{"line":13,"column":11},"end":{"line":17,"column":13}},"7":{"start":{"line":20,"column":11},"end":{"line":20,"column":95}},"8":{"start":{"line":23,"column":11},"end":{"line":23,"column":27}},"9":{"start":{"line":26,"column":11},"end":{"line":26,"column":33}},"10":{"start":{"line":31,"column":10},"end":{"line":31,"column":42}},"11":{"start":{"line":34,"column":10},"end":{"line":34,"column":51}},"12":{"start":{"line":37,"column":10},"end":{"line":45,"column":12}},"13":{"start":{"line":38,"column":11},"end":{"line":44,"column":12}},"14":{"start":{"line":39,"column":12},"end":{"line":43,"column":15}},"15":{"start":{"line":48,"column":10},"end":{"line":54,"column":12}},"16":{"start":{"line":49,"column":11},"end":{"line":51,"column":59}},"17":{"start":{"line":50,"column":36},"end":{"line":50,"column":61}},"18":{"start":{"line":51,"column":42},"end":{"line":51,"column":56}},"19":{"start":{"line":52,"column":11},"end":{"line":52,"column":54}},"20":{"start":{"line":53,"column":11},"end":{"line":53,"column":25}},"21":{"start":{"line":57,"column":10},"end":{"line":57,"column":128}},"22":{"start":{"line":57,"column":63},"end":{"line":57,"column":125}},"23":{"start":{"line":60,"column":10},"end":{"line":60,"column":54}},"24":{"start":{"line":63,"column":10},"end":{"line":63,"column":64}},"25":{"start":{"line":71,"column":0},"end":{"line":71,"column":74}},"26":{"start":{"line":72,"column":29},"end":{"line":192,"column":3}},"27":{"start":{"line":73,"column":4},"end":{"line":87,"column":5}},"28":{"start":{"line":74,"column":8},"end":{"line":86,"column":11}},"29":{"start":{"line":75,"column":12},"end":{"line":75,"column":43}},"30":{"start":{"line":76,"column":12},"end":{"line":76,"column":33}},"31":{"start":{"line":77,"column":12},"end":{"line":83,"column":14}},"32":{"start":{"line":78,"column":16},"end":{"line":82,"column":17}},"33":{"start":{"line":79,"column":20},"end":{"line":79,"column":54}},"34":{"start":{"line":81,"column":20},"end":{"line":81,"column":54}},"35":{"start":{"line":84,"column":12},"end":{"line":84,"column":67}},"36":{"start":{"line":84,"column":32},"end":{"line":84,"column":66}},"37":{"start":{"line":85,"column":12},"end":{"line":85,"column":23}},"38":{"start":{"line":89,"column":4},"end":{"line":117,"column":6}},"39":{"start":{"line":101,"column":12},"end":{"line":106,"column":14}},"40":{"start":{"line":110,"column":12},"end":{"line":115,"column":15}},"41":{"start":{"line":111,"column":16},"end":{"line":113,"column":17}},"42":{"start":{"line":112,"column":20},"end":{"line":112,"column":103}},"43":{"start":{"line":114,"column":16},"end":{"line":114,"column":58}},"44":{"start":{"line":119,"column":4},"end":{"line":150,"column":6}},"45":{"start":{"line":122,"column":12},"end":{"line":127,"column":14}},"46":{"start":{"line":140,"column":12},"end":{"line":148,"column":15}},"47":{"start":{"line":141,"column":16},"end":{"line":143,"column":31}},"48":{"start":{"line":144,"column":16},"end":{"line":146,"column":17}},"49":{"start":{"line":145,"column":20},"end":{"line":145,"column":81}},"50":{"start":{"line":147,"column":16},"end":{"line":147,"column":55}},"51":{"start":{"line":152,"column":4},"end":{"line":184,"column":6}},"52":{"start":{"line":164,"column":12},"end":{"line":169,"column":14}},"53":{"start":{"line":173,"column":12},"end":{"line":182,"column":15}},"54":{"start":{"line":174,"column":16},"end":{"line":181,"column":94}},"55":{"start":{"line":177,"column":24},"end":{"line":177,"column":117}},"56":{"start":{"line":177,"column":44},"end":{"line":177,"column":117}},"57":{"start":{"line":178,"column":24},"end":{"line":178,"column":52}},"58":{"start":{"line":179,"column":24},"end":{"line":179,"column":80}},"59":{"start":{"line":181,"column":33},"end":{"line":181,"column":92}},"60":{"start":{"line":186,"column":4},"end":{"line":191,"column":6}},"61":{"start":{"line":198,"column":0},"end":{"line":198,"column":23}},"62":{"start":{"line":200,"column":0},"end":{"line":231,"column":3}},"63":{"start":{"line":201,"column":2},"end":{"line":208,"column":5}},"64":{"start":{"line":202,"column":4},"end":{"line":203,"column":57}},"65":{"start":{"line":205,"column":4},"end":{"line":207,"column":60}},"66":{"start":{"line":207,"column":19},"end":{"line":207,"column":58}},"67":{"start":{"line":210,"column":2},"end":{"line":219,"column":5}},"68":{"start":{"line":211,"column":4},"end":{"line":214,"column":6}},"69":{"start":{"line":215,"column":4},"end":{"line":215,"column":59}},"70":{"start":{"line":216,"column":4},"end":{"line":218,"column":43}},"71":{"start":{"line":218,"column":19},"end":{"line":218,"column":41}},"72":{"start":{"line":221,"column":2},"end":{"line":230,"column":5}},"73":{"start":{"line":222,"column":4},"end":{"line":225,"column":6}},"74":{"start":{"line":226,"column":4},"end":{"line":226,"column":59}},"75":{"start":{"line":227,"column":4},"end":{"line":229,"column":19}},"76":{"start":{"line":228,"column":18},"end":{"line":228,"column":78}},"77":{"start":{"line":233,"column":0},"end":{"line":277,"column":3}},"78":{"start":{"line":234,"column":2},"end":{"line":252,"column":5}},"79":{"start":{"line":235,"column":4},"end":{"line":237,"column":28}},"80":{"start":{"line":239,"column":4},"end":{"line":239,"column":34}},"81":{"start":{"line":240,"column":4},"end":{"line":240,"column":39}},"82":{"start":{"line":241,"column":4},"end":{"line":251,"column":43}},"83":{"start":{"line":243,"column":19},"end":{"line":243,"column":41}},"84":{"start":{"line":245,"column":8},"end":{"line":245,"column":40}},"85":{"start":{"line":246,"column":8},"end":{"line":246,"column":43}},"86":{"start":{"line":247,"column":8},"end":{"line":247,"column":23}},"87":{"start":{"line":251,"column":19},"end":{"line":251,"column":41}},"88":{"start":{"line":254,"column":2},"end":{"line":264,"column":5}},"89":{"start":{"line":255,"column":4},"end":{"line":257,"column":28}},"90":{"start":{"line":259,"column":4},"end":{"line":259,"column":35}},"91":{"start":{"line":260,"column":4},"end":{"line":260,"column":39}},"92":{"start":{"line":261,"column":4},"end":{"line":263,"column":19}},"93":{"start":{"line":262,"column":18},"end":{"line":262,"column":84}},"94":{"start":{"line":266,"column":2},"end":{"line":276,"column":5}},"95":{"start":{"line":267,"column":4},"end":{"line":269,"column":28}},"96":{"start":{"line":271,"column":4},"end":{"line":271,"column":35}},"97":{"start":{"line":272,"column":4},"end":{"line":272,"column":39}},"98":{"start":{"line":273,"column":4},"end":{"line":275,"column":19}},"99":{"start":{"line":274,"column":18},"end":{"line":274,"column":43}},"100":{"start":{"line":279,"column":0},"end":{"line":329,"column":3}},"101":{"start":{"line":280,"column":2},"end":{"line":282,"column":5}},"102":{"start":{"line":281,"column":4},"end":{"line":281,"column":27}},"103":{"start":{"line":284,"column":2},"end":{"line":286,"column":5}},"104":{"start":{"line":285,"column":4},"end":{"line":285,"column":29}},"105":{"start":{"line":288,"column":2},"end":{"line":328,"column":5}},"106":{"start":{"line":290,"column":4},"end":{"line":309,"column":7}},"107":{"start":{"line":291,"column":6},"end":{"line":292,"column":67}},"108":{"start":{"line":294,"column":6},"end":{"line":294,"column":33}},"109":{"start":{"line":296,"column":6},"end":{"line":302,"column":58}},"110":{"start":{"line":298,"column":10},"end":{"line":298,"column":82}},"111":{"start":{"line":299,"column":10},"end":{"line":299,"column":54}},"112":{"start":{"line":300,"column":10},"end":{"line":300,"column":17}},"113":{"start":{"line":302,"column":21},"end":{"line":302,"column":56}},"114":{"start":{"line":304,"column":6},"end":{"line":308,"column":9}},"115":{"start":{"line":311,"column":4},"end":{"line":327,"column":7}},"116":{"start":{"line":312,"column":6},"end":{"line":313,"column":67}},"117":{"start":{"line":315,"column":6},"end":{"line":320,"column":11}},"118":{"start":{"line":316,"column":22},"end":{"line":316,"column":63}},"119":{"start":{"line":318,"column":10},"end":{"line":318,"column":47}},"120":{"start":{"line":319,"column":10},"end":{"line":319,"column":17}},"121":{"start":{"line":322,"column":6},"end":{"line":326,"column":9}},"122":{"start":{"line":336,"column":27},"end":{"line":1127,"column":67}},"123":{"start":{"line":369,"column":0},"end":{"line":1125,"column":4}},"124":{"start":{"line":378,"column":8},"end":{"line":378,"column":62}},"125":{"start":{"line":383,"column":0},"end":{"line":396,"column":2}},"126":{"start":{"line":384,"column":2},"end":{"line":384,"column":17}},"127":{"start":{"line":386,"column":2},"end":{"line":386,"column":49}},"128":{"start":{"line":387,"column":2},"end":{"line":387,"column":55}},"129":{"start":{"line":388,"column":2},"end":{"line":388,"column":49}},"130":{"start":{"line":389,"column":2},"end":{"line":389,"column":49}},"131":{"start":{"line":390,"column":2},"end":{"line":390,"column":37}},"132":{"start":{"line":391,"column":2},"end":{"line":391,"column":54}},"133":{"start":{"line":392,"column":2},"end":{"line":392,"column":63}},"134":{"start":{"line":393,"column":2},"end":{"line":393,"column":44}},"135":{"start":{"line":395,"column":2},"end":{"line":395,"column":24}},"136":{"start":{"line":398,"column":0},"end":{"line":449,"column":2}},"137":{"start":{"line":399,"column":2},"end":{"line":401,"column":3}},"138":{"start":{"line":400,"column":4},"end":{"line":400,"column":32}},"139":{"start":{"line":403,"column":2},"end":{"line":404,"column":3}},"140":{"start":{"line":408,"column":2},"end":{"line":423,"column":3}},"141":{"start":{"line":409,"column":4},"end":{"line":409,"column":21}},"142":{"start":{"line":410,"column":4},"end":{"line":410,"column":25}},"143":{"start":{"line":411,"column":4},"end":{"line":411,"column":28}},"144":{"start":{"line":412,"column":4},"end":{"line":412,"column":27}},"145":{"start":{"line":414,"column":4},"end":{"line":414,"column":27}},"146":{"start":{"line":415,"column":4},"end":{"line":415,"column":34}},"147":{"start":{"line":419,"column":4},"end":{"line":419,"column":24}},"148":{"start":{"line":421,"column":4},"end":{"line":421,"column":22}},"149":{"start":{"line":422,"column":4},"end":{"line":422,"column":29}},"150":{"start":{"line":425,"column":2},"end":{"line":425,"column":54}},"151":{"start":{"line":426,"column":2},"end":{"line":426,"column":55}},"152":{"start":{"line":427,"column":2},"end":{"line":427,"column":64}},"153":{"start":{"line":429,"column":2},"end":{"line":435,"column":3}},"154":{"start":{"line":430,"column":4},"end":{"line":430,"column":47}},"155":{"start":{"line":432,"column":4},"end":{"line":432,"column":34}},"156":{"start":{"line":433,"column":4},"end":{"line":433,"column":20}},"157":{"start":{"line":434,"column":4},"end":{"line":434,"column":19}},"158":{"start":{"line":438,"column":2},"end":{"line":438,"column":72}},"159":{"start":{"line":440,"column":2},"end":{"line":448,"column":4}},"160":{"start":{"line":442,"column":6},"end":{"line":442,"column":48}},"161":{"start":{"line":446,"column":6},"end":{"line":446,"column":56}},"162":{"start":{"line":450,"column":0},"end":{"line":511,"column":2}},"163":{"start":{"line":451,"column":2},"end":{"line":454,"column":3}},"164":{"start":{"line":452,"column":4},"end":{"line":452,"column":24}},"165":{"start":{"line":453,"column":4},"end":{"line":453,"column":25}},"166":{"start":{"line":456,"column":2},"end":{"line":459,"column":3}},"167":{"start":{"line":457,"column":4},"end":{"line":457,"column":44}},"168":{"start":{"line":458,"column":4},"end":{"line":458,"column":27}},"169":{"start":{"line":461,"column":2},"end":{"line":473,"column":3}},"170":{"start":{"line":462,"column":4},"end":{"line":464,"column":5}},"171":{"start":{"line":463,"column":6},"end":{"line":463,"column":33}},"172":{"start":{"line":466,"column":4},"end":{"line":470,"column":5}},"173":{"start":{"line":467,"column":6},"end":{"line":469,"column":7}},"174":{"start":{"line":468,"column":8},"end":{"line":468,"column":17}},"175":{"start":{"line":472,"column":4},"end":{"line":472,"column":14}},"176":{"start":{"line":475,"column":2},"end":{"line":477,"column":4}},"177":{"start":{"line":476,"column":4},"end":{"line":476,"column":54}},"178":{"start":{"line":479,"column":2},"end":{"line":485,"column":4}},"179":{"start":{"line":480,"column":4},"end":{"line":480,"column":59}},"180":{"start":{"line":482,"column":4},"end":{"line":484,"column":5}},"181":{"start":{"line":483,"column":6},"end":{"line":483,"column":45}},"182":{"start":{"line":487,"column":2},"end":{"line":506,"column":4}},"183":{"start":{"line":488,"column":4},"end":{"line":488,"column":12}},"184":{"start":{"line":493,"column":4},"end":{"line":497,"column":5}},"185":{"start":{"line":494,"column":6},"end":{"line":494,"column":51}},"186":{"start":{"line":496,"column":6},"end":{"line":496,"column":59}},"187":{"start":{"line":499,"column":4},"end":{"line":499,"column":47}},"188":{"start":{"line":501,"column":4},"end":{"line":505,"column":5}},"189":{"start":{"line":502,"column":6},"end":{"line":504,"column":7}},"190":{"start":{"line":503,"column":8},"end":{"line":503,"column":49}},"191":{"start":{"line":508,"column":2},"end":{"line":510,"column":4}},"192":{"start":{"line":509,"column":4},"end":{"line":509,"column":32}},"193":{"start":{"line":513,"column":0},"end":{"line":843,"column":2}},"194":{"start":{"line":514,"column":2},"end":{"line":522,"column":3}},"195":{"start":{"line":515,"column":4},"end":{"line":515,"column":46}},"196":{"start":{"line":516,"column":4},"end":{"line":520,"column":5}},"197":{"start":{"line":517,"column":6},"end":{"line":519,"column":7}},"198":{"start":{"line":518,"column":8},"end":{"line":518,"column":49}},"199":{"start":{"line":521,"column":4},"end":{"line":521,"column":23}},"200":{"start":{"line":524,"column":2},"end":{"line":531,"column":3}},"201":{"start":{"line":525,"column":4},"end":{"line":529,"column":5}},"202":{"start":{"line":526,"column":6},"end":{"line":528,"column":7}},"203":{"start":{"line":527,"column":8},"end":{"line":527,"column":20}},"204":{"start":{"line":530,"column":4},"end":{"line":530,"column":17}},"205":{"start":{"line":533,"column":2},"end":{"line":539,"column":3}},"206":{"start":{"line":534,"column":4},"end":{"line":538,"column":6}},"207":{"start":{"line":535,"column":6},"end":{"line":537,"column":7}},"208":{"start":{"line":536,"column":8},"end":{"line":536,"column":45}},"209":{"start":{"line":541,"column":2},"end":{"line":550,"column":3}},"210":{"start":{"line":542,"column":4},"end":{"line":542,"column":100}},"211":{"start":{"line":543,"column":4},"end":{"line":543,"column":86}},"212":{"start":{"line":544,"column":4},"end":{"line":544,"column":76}},"213":{"start":{"line":545,"column":4},"end":{"line":545,"column":82}},"214":{"start":{"line":546,"column":4},"end":{"line":546,"column":84}},"215":{"start":{"line":547,"column":4},"end":{"line":547,"column":78}},"216":{"start":{"line":548,"column":4},"end":{"line":548,"column":78}},"217":{"start":{"line":549,"column":4},"end":{"line":549,"column":82}},"218":{"start":{"line":552,"column":2},"end":{"line":560,"column":3}},"219":{"start":{"line":553,"column":4},"end":{"line":558,"column":6}},"220":{"start":{"line":559,"column":4},"end":{"line":559,"column":25}},"221":{"start":{"line":562,"column":2},"end":{"line":840,"column":3}},"222":{"start":{"line":563,"column":4},"end":{"line":569,"column":5}},"223":{"start":{"line":564,"column":6},"end":{"line":564,"column":33}},"224":{"start":{"line":565,"column":6},"end":{"line":565,"column":44}},"225":{"start":{"line":566,"column":6},"end":{"line":566,"column":29}},"226":{"start":{"line":567,"column":6},"end":{"line":567,"column":31}},"227":{"start":{"line":568,"column":6},"end":{"line":568,"column":37}},"228":{"start":{"line":571,"column":4},"end":{"line":578,"column":5}},"229":{"start":{"line":572,"column":6},"end":{"line":572,"column":32}},"230":{"start":{"line":573,"column":6},"end":{"line":577,"column":7}},"231":{"start":{"line":574,"column":8},"end":{"line":576,"column":9}},"232":{"start":{"line":575,"column":10},"end":{"line":575,"column":33}},"233":{"start":{"line":580,"column":4},"end":{"line":598,"column":5}},"234":{"start":{"line":581,"column":6},"end":{"line":581,"column":23}},"235":{"start":{"line":583,"column":6},"end":{"line":595,"column":7}},"236":{"start":{"line":584,"column":8},"end":{"line":592,"column":9}},"237":{"start":{"line":585,"column":10},"end":{"line":585,"column":31}},"238":{"start":{"line":587,"column":10},"end":{"line":591,"column":11}},"239":{"start":{"line":588,"column":12},"end":{"line":590,"column":13}},"240":{"start":{"line":589,"column":14},"end":{"line":589,"column":80}},"241":{"start":{"line":594,"column":8},"end":{"line":594,"column":89}},"242":{"start":{"line":597,"column":6},"end":{"line":597,"column":21}},"243":{"start":{"line":600,"column":4},"end":{"line":609,"column":5}},"244":{"start":{"line":601,"column":6},"end":{"line":608,"column":7}},"245":{"start":{"line":602,"column":8},"end":{"line":602,"column":77}},"246":{"start":{"line":604,"column":8},"end":{"line":604,"column":63}},"247":{"start":{"line":605,"column":8},"end":{"line":605,"column":28}},"248":{"start":{"line":606,"column":8},"end":{"line":606,"column":29}},"249":{"start":{"line":607,"column":8},"end":{"line":607,"column":19}},"250":{"start":{"line":611,"column":4},"end":{"line":611,"column":55}},"251":{"start":{"line":613,"column":4},"end":{"line":620,"column":5}},"252":{"start":{"line":614,"column":6},"end":{"line":618,"column":7}},"253":{"start":{"line":615,"column":8},"end":{"line":615,"column":51}},"254":{"start":{"line":616,"column":13},"end":{"line":618,"column":7}},"255":{"start":{"line":617,"column":8},"end":{"line":617,"column":50}},"256":{"start":{"line":619,"column":6},"end":{"line":619,"column":18}},"257":{"start":{"line":622,"column":0},"end":{"line":628,"column":7}},"258":{"start":{"line":630,"column":4},"end":{"line":630,"column":147}},"259":{"start":{"line":631,"column":4},"end":{"line":631,"column":102}},"260":{"start":{"line":632,"column":4},"end":{"line":837,"column":7}},"261":{"start":{"line":634,"column":8},"end":{"line":634,"column":35}},"262":{"start":{"line":635,"column":8},"end":{"line":635,"column":32}},"263":{"start":{"line":636,"column":8},"end":{"line":636,"column":37}},"264":{"start":{"line":637,"column":8},"end":{"line":637,"column":37}},"265":{"start":{"line":638,"column":8},"end":{"line":638,"column":52}},"266":{"start":{"line":639,"column":8},"end":{"line":639,"column":33}},"267":{"start":{"line":640,"column":8},"end":{"line":640,"column":50}},"268":{"start":{"line":644,"column":8},"end":{"line":646,"column":9}},"269":{"start":{"line":645,"column":10},"end":{"line":645,"column":137}},"270":{"start":{"line":648,"column":8},"end":{"line":652,"column":9}},"271":{"start":{"line":649,"column":10},"end":{"line":649,"column":88}},"272":{"start":{"line":651,"column":10},"end":{"line":651,"column":46}},"273":{"start":{"line":656,"column":8},"end":{"line":656,"column":39}},"274":{"start":{"line":660,"column":8},"end":{"line":660,"column":52}},"275":{"start":{"line":661,"column":8},"end":{"line":661,"column":24}},"276":{"start":{"line":662,"column":8},"end":{"line":662,"column":34}},"277":{"start":{"line":663,"column":8},"end":{"line":663,"column":50}},"278":{"start":{"line":664,"column":8},"end":{"line":664,"column":42}},"279":{"start":{"line":665,"column":8},"end":{"line":665,"column":39}},"280":{"start":{"line":666,"column":8},"end":{"line":666,"column":41}},"281":{"start":{"line":681,"column":8},"end":{"line":681,"column":71}},"282":{"start":{"line":685,"column":8},"end":{"line":685,"column":74}},"283":{"start":{"line":691,"column":8},"end":{"line":691,"column":27}},"284":{"start":{"line":692,"column":8},"end":{"line":692,"column":43}},"285":{"start":{"line":694,"column":8},"end":{"line":694,"column":69}},"286":{"start":{"line":696,"column":8},"end":{"line":696,"column":32}},"287":{"start":{"line":700,"column":8},"end":{"line":710,"column":9}},"288":{"start":{"line":701,"column":10},"end":{"line":709,"column":11}},"289":{"start":{"line":702,"column":12},"end":{"line":702,"column":35}},"290":{"start":{"line":703,"column":17},"end":{"line":709,"column":11}},"291":{"start":{"line":704,"column":12},"end":{"line":704,"column":33}},"292":{"start":{"line":705,"column":17},"end":{"line":709,"column":11}},"293":{"start":{"line":706,"column":12},"end":{"line":706,"column":35}},"294":{"start":{"line":707,"column":17},"end":{"line":709,"column":11}},"295":{"start":{"line":708,"column":12},"end":{"line":708,"column":44}},"296":{"start":{"line":714,"column":8},"end":{"line":714,"column":63}},"297":{"start":{"line":718,"column":8},"end":{"line":720,"column":9}},"298":{"start":{"line":719,"column":10},"end":{"line":719,"column":20}},"299":{"start":{"line":722,"column":8},"end":{"line":722,"column":63}},"300":{"start":{"line":726,"column":8},"end":{"line":726,"column":32}},"301":{"start":{"line":727,"column":8},"end":{"line":727,"column":59}},"302":{"start":{"line":727,"column":37},"end":{"line":727,"column":57}},"303":{"start":{"line":729,"column":8},"end":{"line":729,"column":34}},"304":{"start":{"line":730,"column":8},"end":{"line":739,"column":9}},"305":{"start":{"line":731,"column":10},"end":{"line":731,"column":47}},"306":{"start":{"line":732,"column":10},"end":{"line":738,"column":11}},"307":{"start":{"line":733,"column":12},"end":{"line":737,"column":13}},"308":{"start":{"line":734,"column":14},"end":{"line":734,"column":69}},"309":{"start":{"line":736,"column":14},"end":{"line":736,"column":42}},"310":{"start":{"line":740,"column":8},"end":{"line":740,"column":28}},"311":{"start":{"line":744,"column":8},"end":{"line":744,"column":51}},"312":{"start":{"line":744,"column":37},"end":{"line":744,"column":49}},"313":{"start":{"line":746,"column":8},"end":{"line":746,"column":33}},"314":{"start":{"line":747,"column":8},"end":{"line":750,"column":9}},"315":{"start":{"line":748,"column":10},"end":{"line":749,"column":43}},"316":{"start":{"line":751,"column":8},"end":{"line":751,"column":53}},"317":{"start":{"line":760,"column":8},"end":{"line":773,"column":9}},"318":{"start":{"line":764,"column":12},"end":{"line":764,"column":90}},"319":{"start":{"line":766,"column":12},"end":{"line":766,"column":49}},"320":{"start":{"line":768,"column":12},"end":{"line":768,"column":66}},"321":{"start":{"line":770,"column":12},"end":{"line":770,"column":59}},"322":{"start":{"line":772,"column":12},"end":{"line":772,"column":36}},"323":{"start":{"line":778,"column":8},"end":{"line":780,"column":9}},"324":{"start":{"line":779,"column":10},"end":{"line":779,"column":66}},"325":{"start":{"line":782,"column":8},"end":{"line":782,"column":38}},"326":{"start":{"line":783,"column":8},"end":{"line":783,"column":52}},"327":{"start":{"line":784,"column":8},"end":{"line":784,"column":96}},"328":{"start":{"line":785,"column":8},"end":{"line":785,"column":62}},"329":{"start":{"line":786,"column":8},"end":{"line":786,"column":50}},"330":{"start":{"line":788,"column":8},"end":{"line":788,"column":56}},"331":{"start":{"line":789,"column":8},"end":{"line":789,"column":56}},"332":{"start":{"line":790,"column":8},"end":{"line":790,"column":56}},"333":{"start":{"line":791,"column":8},"end":{"line":791,"column":50}},"334":{"start":{"line":792,"column":8},"end":{"line":792,"column":111}},"335":{"start":{"line":793,"column":8},"end":{"line":795,"column":9}},"336":{"start":{"line":794,"column":10},"end":{"line":794,"column":41}},"337":{"start":{"line":797,"column":8},"end":{"line":801,"column":9}},"338":{"start":{"line":798,"column":10},"end":{"line":798,"column":44}},"339":{"start":{"line":800,"column":10},"end":{"line":800,"column":47}},"340":{"start":{"line":803,"column":8},"end":{"line":803,"column":50}},"341":{"start":{"line":804,"column":8},"end":{"line":804,"column":42}},"342":{"start":{"line":805,"column":8},"end":{"line":805,"column":38}},"343":{"start":{"line":806,"column":8},"end":{"line":806,"column":41}},"344":{"start":{"line":810,"column":8},"end":{"line":812,"column":9}},"345":{"start":{"line":811,"column":10},"end":{"line":811,"column":66}},"346":{"start":{"line":813,"column":8},"end":{"line":813,"column":50}},"347":{"start":{"line":814,"column":8},"end":{"line":814,"column":36}},"348":{"start":{"line":815,"column":8},"end":{"line":815,"column":50}},"349":{"start":{"line":816,"column":8},"end":{"line":816,"column":42}},"350":{"start":{"line":817,"column":8},"end":{"line":817,"column":41}},"351":{"start":{"line":818,"column":8},"end":{"line":818,"column":41}},"352":{"start":{"line":822,"column":8},"end":{"line":824,"column":9}},"353":{"start":{"line":823,"column":10},"end":{"line":823,"column":66}},"354":{"start":{"line":825,"column":8},"end":{"line":825,"column":50}},"355":{"start":{"line":826,"column":8},"end":{"line":826,"column":50}},"356":{"start":{"line":827,"column":8},"end":{"line":827,"column":42}},"357":{"start":{"line":828,"column":8},"end":{"line":828,"column":39}},"358":{"start":{"line":829,"column":8},"end":{"line":829,"column":41}},"359":{"start":{"line":833,"column":8},"end":{"line":833,"column":32}},"360":{"start":{"line":834,"column":8},"end":{"line":834,"column":40}},"361":{"start":{"line":835,"column":8},"end":{"line":835,"column":32}},"362":{"start":{"line":839,"column":4},"end":{"line":839,"column":30}},"363":{"start":{"line":842,"column":2},"end":{"line":842,"column":21}},"364":{"start":{"line":845,"column":0},"end":{"line":896,"column":2}},"365":{"start":{"line":846,"column":2},"end":{"line":893,"column":3}},"366":{"start":{"line":847,"column":4},"end":{"line":851,"column":93}},"367":{"start":{"line":853,"column":4},"end":{"line":859,"column":6}},"368":{"start":{"line":854,"column":6},"end":{"line":856,"column":7}},"369":{"start":{"line":855,"column":8},"end":{"line":855,"column":47}},"370":{"start":{"line":858,"column":6},"end":{"line":858,"column":47}},"371":{"start":{"line":861,"column":4},"end":{"line":870,"column":6}},"372":{"start":{"line":862,"column":6},"end":{"line":864,"column":7}},"373":{"start":{"line":863,"column":8},"end":{"line":863,"column":40}},"374":{"start":{"line":865,"column":6},"end":{"line":865,"column":47}},"375":{"start":{"line":867,"column":6},"end":{"line":867,"column":25}},"376":{"start":{"line":868,"column":6},"end":{"line":868,"column":28}},"377":{"start":{"line":869,"column":6},"end":{"line":869,"column":26}},"378":{"start":{"line":872,"column":4},"end":{"line":876,"column":6}},"379":{"start":{"line":873,"column":6},"end":{"line":873,"column":58}},"380":{"start":{"line":874,"column":6},"end":{"line":874,"column":32}},"381":{"start":{"line":875,"column":6},"end":{"line":875,"column":18}},"382":{"start":{"line":878,"column":4},"end":{"line":885,"column":6}},"383":{"start":{"line":879,"column":6},"end":{"line":879,"column":21}},"384":{"start":{"line":880,"column":6},"end":{"line":884,"column":7}},"385":{"start":{"line":881,"column":8},"end":{"line":881,"column":18}},"386":{"start":{"line":883,"column":8},"end":{"line":883,"column":25}},"387":{"start":{"line":887,"column":4},"end":{"line":889,"column":6}},"388":{"start":{"line":888,"column":6},"end":{"line":888,"column":30}},"389":{"start":{"line":891,"column":4},"end":{"line":891,"column":35}},"390":{"start":{"line":892,"column":4},"end":{"line":892,"column":29}},"391":{"start":{"line":895,"column":2},"end":{"line":895,"column":18}},"392":{"start":{"line":898,"column":0},"end":{"line":953,"column":2}},"393":{"start":{"line":899,"column":2},"end":{"line":950,"column":3}},"394":{"start":{"line":900,"column":4},"end":{"line":926,"column":6}},"395":{"start":{"line":903,"column":10},"end":{"line":903,"column":64}},"396":{"start":{"line":906,"column":10},"end":{"line":906,"column":41}},"397":{"start":{"line":911,"column":10},"end":{"line":911,"column":22}},"398":{"start":{"line":914,"column":10},"end":{"line":914,"column":24}},"399":{"start":{"line":915,"column":10},"end":{"line":915,"column":46}},"400":{"start":{"line":917,"column":10},"end":{"line":922,"column":11}},"401":{"start":{"line":918,"column":12},"end":{"line":918,"column":62}},"402":{"start":{"line":919,"column":12},"end":{"line":919,"column":48}},"403":{"start":{"line":920,"column":12},"end":{"line":920,"column":40}},"404":{"start":{"line":921,"column":12},"end":{"line":921,"column":54}},"405":{"start":{"line":923,"column":10},"end":{"line":923,"column":22}},"406":{"start":{"line":927,"column":4},"end":{"line":927,"column":26}},"407":{"start":{"line":929,"column":4},"end":{"line":931,"column":6}},"408":{"start":{"line":930,"column":6},"end":{"line":930,"column":35}},"409":{"start":{"line":933,"column":4},"end":{"line":940,"column":6}},"410":{"start":{"line":934,"column":8},"end":{"line":939,"column":9}},"411":{"start":{"line":935,"column":10},"end":{"line":935,"column":39}},"412":{"start":{"line":936,"column":10},"end":{"line":938,"column":11}},"413":{"start":{"line":937,"column":12},"end":{"line":937,"column":26}},"414":{"start":{"line":942,"column":4},"end":{"line":947,"column":6}},"415":{"start":{"line":943,"column":6},"end":{"line":943,"column":24}},"416":{"start":{"line":944,"column":6},"end":{"line":946,"column":7}},"417":{"start":{"line":945,"column":8},"end":{"line":945,"column":39}},"418":{"start":{"line":949,"column":4},"end":{"line":949,"column":17}},"419":{"start":{"line":952,"column":2},"end":{"line":952,"column":21}},"420":{"start":{"line":955,"column":0},"end":{"line":1040,"column":2}},"421":{"start":{"line":956,"column":2},"end":{"line":959,"column":15}},"422":{"start":{"line":961,"column":2},"end":{"line":1037,"column":3}},"423":{"start":{"line":962,"column":4},"end":{"line":964,"column":6}},"424":{"start":{"line":963,"column":6},"end":{"line":963,"column":67}},"425":{"start":{"line":966,"column":4},"end":{"line":973,"column":5}},"426":{"start":{"line":967,"column":6},"end":{"line":967,"column":21}},"427":{"start":{"line":968,"column":6},"end":{"line":968,"column":29}},"428":{"start":{"line":970,"column":6},"end":{"line":970,"column":33}},"429":{"start":{"line":971,"column":6},"end":{"line":971,"column":26}},"430":{"start":{"line":972,"column":6},"end":{"line":972,"column":75}},"431":{"start":{"line":975,"column":4},"end":{"line":975,"column":83}},"432":{"start":{"line":976,"column":4},"end":{"line":976,"column":25}},"433":{"start":{"line":978,"column":4},"end":{"line":987,"column":6}},"434":{"start":{"line":979,"column":6},"end":{"line":979,"column":27}},"435":{"start":{"line":980,"column":6},"end":{"line":980,"column":42}},"436":{"start":{"line":982,"column":6},"end":{"line":982,"column":45}},"437":{"start":{"line":983,"column":6},"end":{"line":983,"column":39}},"438":{"start":{"line":984,"column":6},"end":{"line":984,"column":47}},"439":{"start":{"line":985,"column":6},"end":{"line":985,"column":53}},"440":{"start":{"line":986,"column":6},"end":{"line":986,"column":45}},"441":{"start":{"line":989,"column":4},"end":{"line":991,"column":6}},"442":{"start":{"line":990,"column":6},"end":{"line":990,"column":36}},"443":{"start":{"line":993,"column":4},"end":{"line":995,"column":6}},"444":{"start":{"line":994,"column":6},"end":{"line":994,"column":26}},"445":{"start":{"line":997,"column":4},"end":{"line":999,"column":6}},"446":{"start":{"line":998,"column":6},"end":{"line":998,"column":35}},"447":{"start":{"line":1001,"column":4},"end":{"line":1003,"column":6}},"448":{"start":{"line":1002,"column":6},"end":{"line":1002,"column":28}},"449":{"start":{"line":1005,"column":4},"end":{"line":1007,"column":6}},"450":{"start":{"line":1006,"column":6},"end":{"line":1006,"column":37}},"451":{"start":{"line":1009,"column":4},"end":{"line":1012,"column":6}},"452":{"start":{"line":1010,"column":6},"end":{"line":1010,"column":25}},"453":{"start":{"line":1011,"column":6},"end":{"line":1011,"column":43}},"454":{"start":{"line":1014,"column":4},"end":{"line":1016,"column":6}},"455":{"start":{"line":1015,"column":6},"end":{"line":1015,"column":34}},"456":{"start":{"line":1018,"column":4},"end":{"line":1036,"column":6}},"457":{"start":{"line":1019,"column":6},"end":{"line":1019,"column":29}},"458":{"start":{"line":1020,"column":6},"end":{"line":1020,"column":35}},"459":{"start":{"line":1021,"column":6},"end":{"line":1028,"column":7}},"460":{"start":{"line":1022,"column":8},"end":{"line":1022,"column":44}},"461":{"start":{"line":1024,"column":8},"end":{"line":1026,"column":32}},"462":{"start":{"line":1027,"column":8},"end":{"line":1027,"column":78}},"463":{"start":{"line":1029,"column":6},"end":{"line":1029,"column":30}},"464":{"start":{"line":1030,"column":6},"end":{"line":1034,"column":7}},"465":{"start":{"line":1031,"column":8},"end":{"line":1031,"column":43}},"466":{"start":{"line":1033,"column":8},"end":{"line":1033,"column":71}},"467":{"start":{"line":1035,"column":6},"end":{"line":1035,"column":83}},"468":{"start":{"line":1039,"column":2},"end":{"line":1039,"column":21}},"469":{"start":{"line":1042,"column":0},"end":{"line":1092,"column":2}},"470":{"start":{"line":1043,"column":2},"end":{"line":1089,"column":3}},"471":{"start":{"line":1044,"column":4},"end":{"line":1044,"column":22}},"472":{"start":{"line":1046,"column":4},"end":{"line":1048,"column":6}},"473":{"start":{"line":1047,"column":6},"end":{"line":1047,"column":29}},"474":{"start":{"line":1050,"column":4},"end":{"line":1052,"column":6}},"475":{"start":{"line":1051,"column":6},"end":{"line":1051,"column":25}},"476":{"start":{"line":1054,"column":4},"end":{"line":1056,"column":6}},"477":{"start":{"line":1055,"column":6},"end":{"line":1055,"column":29}},"478":{"start":{"line":1058,"column":4},"end":{"line":1060,"column":6}},"479":{"start":{"line":1059,"column":6},"end":{"line":1059,"column":20}},"480":{"start":{"line":1062,"column":4},"end":{"line":1064,"column":6}},"481":{"start":{"line":1063,"column":6},"end":{"line":1063,"column":43}},"482":{"start":{"line":1066,"column":4},"end":{"line":1068,"column":6}},"483":{"start":{"line":1067,"column":6},"end":{"line":1067,"column":29}},"484":{"start":{"line":1070,"column":4},"end":{"line":1088,"column":6}},"485":{"start":{"line":1071,"column":6},"end":{"line":1071,"column":33}},"486":{"start":{"line":1073,"column":6},"end":{"line":1085,"column":7}},"487":{"start":{"line":1074,"column":8},"end":{"line":1084,"column":9}},"488":{"start":{"line":1076,"column":12},"end":{"line":1076,"column":48}},"489":{"start":{"line":1077,"column":15},"end":{"line":1084,"column":9}},"490":{"start":{"line":1079,"column":12},"end":{"line":1079,"column":48}},"491":{"start":{"line":1081,"column":10},"end":{"line":1083,"column":11}},"492":{"start":{"line":1082,"column":12},"end":{"line":1082,"column":48}},"493":{"start":{"line":1087,"column":6},"end":{"line":1087,"column":31}},"494":{"start":{"line":1091,"column":2},"end":{"line":1091,"column":24}},"495":{"start":{"line":1094,"column":0},"end":{"line":1117,"column":2}},"496":{"start":{"line":1095,"column":2},"end":{"line":1114,"column":3}},"497":{"start":{"line":1096,"column":4},"end":{"line":1096,"column":19}},"498":{"start":{"line":1098,"column":4},"end":{"line":1100,"column":6}},"499":{"start":{"line":1099,"column":6},"end":{"line":1099,"column":23}},"500":{"start":{"line":1102,"column":4},"end":{"line":1104,"column":6}},"501":{"start":{"line":1103,"column":6},"end":{"line":1103,"column":17}},"502":{"start":{"line":1106,"column":4},"end":{"line":1113,"column":6}},"503":{"start":{"line":1107,"column":6},"end":{"line":1112,"column":7}},"504":{"start":{"line":1108,"column":8},"end":{"line":1108,"column":28}},"505":{"start":{"line":1109,"column":8},"end":{"line":1111,"column":9}},"506":{"start":{"line":1110,"column":10},"end":{"line":1110,"column":22}},"507":{"start":{"line":1116,"column":2},"end":{"line":1116,"column":21}},"508":{"start":{"line":1120,"column":4},"end":{"line":1120,"column":42}},"509":{"start":{"line":1121,"column":4},"end":{"line":1121,"column":43}},"510":{"start":{"line":1122,"column":4},"end":{"line":1122,"column":40}},"511":{"start":{"line":1124,"column":4},"end":{"line":1124,"column":20}},"512":{"start":{"line":1133,"column":0},"end":{"line":1133,"column":6}},"513":{"start":{"line":1136,"column":0},"end":{"line":1138,"column":5}},"514":{"start":{"line":1137,"column":1},"end":{"line":1137,"column":13}},"515":{"start":{"line":1140,"column":0},"end":{"line":1147,"column":1}},"516":{"start":{"line":1142,"column":1},"end":{"line":1142,"column":56}},"517":{"start":{"line":1145,"column":1},"end":{"line":1146,"column":13}},"518":{"start":{"line":1146,"column":2},"end":{"line":1146,"column":13}},"519":{"start":{"line":1153,"column":0},"end":{"line":1153,"column":19}},"520":{"start":{"line":1161,"column":0},"end":{"line":1161,"column":74}},"521":{"start":{"line":1162,"column":0},"end":{"line":1162,"column":22}},"522":{"start":{"line":1164,"column":0},"end":{"line":1166,"column":1}},"523":{"start":{"line":1165,"column":4},"end":{"line":1165,"column":32}},"524":{"start":{"line":1168,"column":29},"end":{"line":1194,"column":3}},"525":{"start":{"line":1169,"column":4},"end":{"line":1188,"column":6}},"526":{"start":{"line":1181,"column":12},"end":{"line":1186,"column":14}},"527":{"start":{"line":1190,"column":4},"end":{"line":1193,"column":6}}},"branchMap":{"1":{"line":9,"type":"if","locations":[{"start":{"line":9,"column":11},"end":{"line":9,"column":11}},{"start":{"line":9,"column":11},"end":{"line":9,"column":11}}]},"2":{"line":38,"type":"if","locations":[{"start":{"line":38,"column":11},"end":{"line":38,"column":11}},{"start":{"line":38,"column":11},"end":{"line":38,"column":11}}]},"3":{"line":49,"type":"cond-expr","locations":[{"start":{"line":50,"column":12},"end":{"line":50,"column":63}},{"start":{"line":51,"column":12},"end":{"line":51,"column":58}}]},"4":{"line":49,"type":"binary-expr","locations":[{"start":{"line":49,"column":24},"end":{"line":49,"column":30}},{"start":{"line":49,"column":34},"end":{"line":49,"column":51}}]},"5":{"line":78,"type":"if","locations":[{"start":{"line":78,"column":16},"end":{"line":78,"column":16}},{"start":{"line":78,"column":16},"end":{"line":78,"column":16}}]},"6":{"line":111,"type":"if","locations":[{"start":{"line":111,"column":16},"end":{"line":111,"column":16}},{"start":{"line":111,"column":16},"end":{"line":111,"column":16}}]},"7":{"line":111,"type":"binary-expr","locations":[{"start":{"line":111,"column":20},"end":{"line":111,"column":35}},{"start":{"line":111,"column":39},"end":{"line":111,"column":62}}]},"8":{"line":144,"type":"if","locations":[{"start":{"line":144,"column":16},"end":{"line":144,"column":16}},{"start":{"line":144,"column":16},"end":{"line":144,"column":16}}]},"9":{"line":144,"type":"binary-expr","locations":[{"start":{"line":144,"column":20},"end":{"line":144,"column":30}},{"start":{"line":144,"column":34},"end":{"line":144,"column":46}}]},"10":{"line":177,"type":"if","locations":[{"start":{"line":177,"column":24},"end":{"line":177,"column":24}},{"start":{"line":177,"column":24},"end":{"line":177,"column":24}}]},"11":{"line":380,"type":"cond-expr","locations":[{"start":{"line":380,"column":34},"end":{"line":380,"column":40}},{"start":{"line":380,"column":43},"end":{"line":380,"column":49}}]},"12":{"line":457,"type":"binary-expr","locations":[{"start":{"line":457,"column":22},"end":{"line":457,"column":37}},{"start":{"line":457,"column":41},"end":{"line":457,"column":43}}]},"13":{"line":462,"type":"if","locations":[{"start":{"line":462,"column":4},"end":{"line":462,"column":4}},{"start":{"line":462,"column":4},"end":{"line":462,"column":4}}]},"14":{"line":467,"type":"if","locations":[{"start":{"line":467,"column":6},"end":{"line":467,"column":6}},{"start":{"line":467,"column":6},"end":{"line":467,"column":6}}]},"15":{"line":482,"type":"if","locations":[{"start":{"line":482,"column":4},"end":{"line":482,"column":4}},{"start":{"line":482,"column":4},"end":{"line":482,"column":4}}]},"16":{"line":493,"type":"if","locations":[{"start":{"line":493,"column":4},"end":{"line":493,"column":4}},{"start":{"line":493,"column":4},"end":{"line":493,"column":4}}]},"17":{"line":501,"type":"if","locations":[{"start":{"line":501,"column":4},"end":{"line":501,"column":4}},{"start":{"line":501,"column":4},"end":{"line":501,"column":4}}]},"18":{"line":515,"type":"binary-expr","locations":[{"start":{"line":515,"column":23},"end":{"line":515,"column":39}},{"start":{"line":515,"column":43},"end":{"line":515,"column":45}}]},"19":{"line":517,"type":"if","locations":[{"start":{"line":517,"column":6},"end":{"line":517,"column":6}},{"start":{"line":517,"column":6},"end":{"line":517,"column":6}}]},"20":{"line":526,"type":"if","locations":[{"start":{"line":526,"column":6},"end":{"line":526,"column":6}},{"start":{"line":526,"column":6},"end":{"line":526,"column":6}}]},"21":{"line":535,"type":"if","locations":[{"start":{"line":535,"column":6},"end":{"line":535,"column":6}},{"start":{"line":535,"column":6},"end":{"line":535,"column":6}}]},"22":{"line":574,"type":"if","locations":[{"start":{"line":574,"column":8},"end":{"line":574,"column":8}},{"start":{"line":574,"column":8},"end":{"line":574,"column":8}}]},"23":{"line":583,"type":"if","locations":[{"start":{"line":583,"column":6},"end":{"line":583,"column":6}},{"start":{"line":583,"column":6},"end":{"line":583,"column":6}}]},"24":{"line":584,"type":"if","locations":[{"start":{"line":584,"column":8},"end":{"line":584,"column":8}},{"start":{"line":584,"column":8},"end":{"line":584,"column":8}}]},"25":{"line":588,"type":"if","locations":[{"start":{"line":588,"column":12},"end":{"line":588,"column":12}},{"start":{"line":588,"column":12},"end":{"line":588,"column":12}}]},"26":{"line":594,"type":"binary-expr","locations":[{"start":{"line":594,"column":52},"end":{"line":594,"column":63}},{"start":{"line":594,"column":67},"end":{"line":594,"column":85}}]},"27":{"line":601,"type":"if","locations":[{"start":{"line":601,"column":6},"end":{"line":601,"column":6}},{"start":{"line":601,"column":6},"end":{"line":601,"column":6}}]},"28":{"line":614,"type":"if","locations":[{"start":{"line":614,"column":6},"end":{"line":614,"column":6}},{"start":{"line":614,"column":6},"end":{"line":614,"column":6}}]},"29":{"line":616,"type":"if","locations":[{"start":{"line":616,"column":13},"end":{"line":616,"column":13}},{"start":{"line":616,"column":13},"end":{"line":616,"column":13}}]},"30":{"line":644,"type":"if","locations":[{"start":{"line":644,"column":8},"end":{"line":644,"column":8}},{"start":{"line":644,"column":8},"end":{"line":644,"column":8}}]},"31":{"line":648,"type":"if","locations":[{"start":{"line":648,"column":8},"end":{"line":648,"column":8}},{"start":{"line":648,"column":8},"end":{"line":648,"column":8}}]},"32":{"line":700,"type":"if","locations":[{"start":{"line":700,"column":8},"end":{"line":700,"column":8}},{"start":{"line":700,"column":8},"end":{"line":700,"column":8}}]},"33":{"line":701,"type":"if","locations":[{"start":{"line":701,"column":10},"end":{"line":701,"column":10}},{"start":{"line":701,"column":10},"end":{"line":701,"column":10}}]},"34":{"line":703,"type":"if","locations":[{"start":{"line":703,"column":17},"end":{"line":703,"column":17}},{"start":{"line":703,"column":17},"end":{"line":703,"column":17}}]},"35":{"line":705,"type":"if","locations":[{"start":{"line":705,"column":17},"end":{"line":705,"column":17}},{"start":{"line":705,"column":17},"end":{"line":705,"column":17}}]},"36":{"line":707,"type":"if","locations":[{"start":{"line":707,"column":17},"end":{"line":707,"column":17}},{"start":{"line":707,"column":17},"end":{"line":707,"column":17}}]},"37":{"line":718,"type":"if","locations":[{"start":{"line":718,"column":8},"end":{"line":718,"column":8}},{"start":{"line":718,"column":8},"end":{"line":718,"column":8}}]},"38":{"line":727,"type":"if","locations":[{"start":{"line":727,"column":8},"end":{"line":727,"column":8}},{"start":{"line":727,"column":8},"end":{"line":727,"column":8}}]},"39":{"line":732,"type":"if","locations":[{"start":{"line":732,"column":10},"end":{"line":732,"column":10}},{"start":{"line":732,"column":10},"end":{"line":732,"column":10}}]},"40":{"line":733,"type":"if","locations":[{"start":{"line":733,"column":12},"end":{"line":733,"column":12}},{"start":{"line":733,"column":12},"end":{"line":733,"column":12}}]},"41":{"line":744,"type":"if","locations":[{"start":{"line":744,"column":8},"end":{"line":744,"column":8}},{"start":{"line":744,"column":8},"end":{"line":744,"column":8}}]},"42":{"line":760,"type":"switch","locations":[{"start":{"line":761,"column":10},"end":{"line":761,"column":20}},{"start":{"line":762,"column":10},"end":{"line":762,"column":18}},{"start":{"line":763,"column":10},"end":{"line":764,"column":90}},{"start":{"line":765,"column":10},"end":{"line":766,"column":49}},{"start":{"line":767,"column":10},"end":{"line":768,"column":66}},{"start":{"line":769,"column":10},"end":{"line":770,"column":59}},{"start":{"line":771,"column":10},"end":{"line":772,"column":36}}]},"43":{"line":764,"type":"cond-expr","locations":[{"start":{"line":764,"column":67},"end":{"line":764,"column":84}},{"start":{"line":764,"column":87},"end":{"line":764,"column":89}}]},"44":{"line":778,"type":"if","locations":[{"start":{"line":778,"column":8},"end":{"line":778,"column":8}},{"start":{"line":778,"column":8},"end":{"line":778,"column":8}}]},"45":{"line":783,"type":"binary-expr","locations":[{"start":{"line":783,"column":26},"end":{"line":783,"column":45}},{"start":{"line":783,"column":49},"end":{"line":783,"column":51}}]},"46":{"line":788,"type":"binary-expr","locations":[{"start":{"line":788,"column":28},"end":{"line":788,"column":49}},{"start":{"line":788,"column":53},"end":{"line":788,"column":55}}]},"47":{"line":789,"type":"binary-expr","locations":[{"start":{"line":789,"column":28},"end":{"line":789,"column":49}},{"start":{"line":789,"column":53},"end":{"line":789,"column":55}}]},"48":{"line":790,"type":"binary-expr","locations":[{"start":{"line":790,"column":27},"end":{"line":790,"column":47}},{"start":{"line":790,"column":51},"end":{"line":790,"column":55}}]},"49":{"line":792,"type":"binary-expr","locations":[{"start":{"line":792,"column":65},"end":{"line":792,"column":103}},{"start":{"line":792,"column":107},"end":{"line":792,"column":109}}]},"50":{"line":793,"type":"if","locations":[{"start":{"line":793,"column":8},"end":{"line":793,"column":8}},{"start":{"line":793,"column":8},"end":{"line":793,"column":8}}]},"51":{"line":797,"type":"if","locations":[{"start":{"line":797,"column":8},"end":{"line":797,"column":8}},{"start":{"line":797,"column":8},"end":{"line":797,"column":8}}]},"52":{"line":810,"type":"if","locations":[{"start":{"line":810,"column":8},"end":{"line":810,"column":8}},{"start":{"line":810,"column":8},"end":{"line":810,"column":8}}]},"53":{"line":822,"type":"if","locations":[{"start":{"line":822,"column":8},"end":{"line":822,"column":8}},{"start":{"line":822,"column":8},"end":{"line":822,"column":8}}]},"54":{"line":854,"type":"if","locations":[{"start":{"line":854,"column":6},"end":{"line":854,"column":6}},{"start":{"line":854,"column":6},"end":{"line":854,"column":6}}]},"55":{"line":862,"type":"if","locations":[{"start":{"line":862,"column":6},"end":{"line":862,"column":6}},{"start":{"line":862,"column":6},"end":{"line":862,"column":6}}]},"56":{"line":920,"type":"binary-expr","locations":[{"start":{"line":920,"column":24},"end":{"line":920,"column":33}},{"start":{"line":920,"column":37},"end":{"line":920,"column":39}}]},"57":{"line":936,"type":"if","locations":[{"start":{"line":936,"column":10},"end":{"line":936,"column":10}},{"start":{"line":936,"column":10},"end":{"line":936,"column":10}}]},"58":{"line":963,"type":"cond-expr","locations":[{"start":{"line":963,"column":21},"end":{"line":963,"column":54}},{"start":{"line":963,"column":57},"end":{"line":963,"column":66}}]},"59":{"line":966,"type":"if","locations":[{"start":{"line":966,"column":4},"end":{"line":966,"column":4}},{"start":{"line":966,"column":4},"end":{"line":966,"column":4}}]},"60":{"line":972,"type":"cond-expr","locations":[{"start":{"line":972,"column":38},"end":{"line":972,"column":62}},{"start":{"line":972,"column":65},"end":{"line":972,"column":74}}]},"61":{"line":975,"type":"cond-expr","locations":[{"start":{"line":975,"column":47},"end":{"line":975,"column":55}},{"start":{"line":975,"column":58},"end":{"line":975,"column":82}}]},"62":{"line":980,"type":"binary-expr","locations":[{"start":{"line":980,"column":20},"end":{"line":980,"column":34}},{"start":{"line":980,"column":38},"end":{"line":980,"column":41}}]},"63":{"line":1021,"type":"if","locations":[{"start":{"line":1021,"column":6},"end":{"line":1021,"column":6}},{"start":{"line":1021,"column":6},"end":{"line":1021,"column":6}}]},"64":{"line":1027,"type":"binary-expr","locations":[{"start":{"line":1027,"column":21},"end":{"line":1027,"column":37}},{"start":{"line":1027,"column":41},"end":{"line":1027,"column":77}}]},"65":{"line":1030,"type":"if","locations":[{"start":{"line":1030,"column":6},"end":{"line":1030,"column":6}},{"start":{"line":1030,"column":6},"end":{"line":1030,"column":6}}]},"66":{"line":1033,"type":"binary-expr","locations":[{"start":{"line":1033,"column":22},"end":{"line":1033,"column":32}},{"start":{"line":1033,"column":36},"end":{"line":1033,"column":70}}]},"67":{"line":1035,"type":"binary-expr","locations":[{"start":{"line":1035,"column":13},"end":{"line":1035,"column":23}},{"start":{"line":1035,"column":27},"end":{"line":1035,"column":38}},{"start":{"line":1035,"column":43},"end":{"line":1035,"column":55}},{"start":{"line":1035,"column":59},"end":{"line":1035,"column":81}}]},"68":{"line":1074,"type":"if","locations":[{"start":{"line":1074,"column":8},"end":{"line":1074,"column":8}},{"start":{"line":1074,"column":8},"end":{"line":1074,"column":8}}]},"69":{"line":1074,"type":"binary-expr","locations":[{"start":{"line":1074,"column":12},"end":{"line":1074,"column":42}},{"start":{"line":1075,"column":12},"end":{"line":1075,"column":46}}]},"70":{"line":1077,"type":"if","locations":[{"start":{"line":1077,"column":15},"end":{"line":1077,"column":15}},{"start":{"line":1077,"column":15},"end":{"line":1077,"column":15}}]},"71":{"line":1077,"type":"binary-expr","locations":[{"start":{"line":1077,"column":19},"end":{"line":1077,"column":51}},{"start":{"line":1078,"column":12},"end":{"line":1078,"column":37}}]},"72":{"line":1081,"type":"if","locations":[{"start":{"line":1081,"column":10},"end":{"line":1081,"column":10}},{"start":{"line":1081,"column":10},"end":{"line":1081,"column":10}}]},"73":{"line":1109,"type":"if","locations":[{"start":{"line":1109,"column":8},"end":{"line":1109,"column":8}},{"start":{"line":1109,"column":8},"end":{"line":1109,"column":8}}]},"74":{"line":1142,"type":"binary-expr","locations":[{"start":{"line":1142,"column":5},"end":{"line":1142,"column":6}},{"start":{"line":1142,"column":10},"end":{"line":1142,"column":35}},{"start":{"line":1142,"column":39},"end":{"line":1142,"column":55}}]},"75":{"line":1145,"type":"if","locations":[{"start":{"line":1145,"column":1},"end":{"line":1145,"column":1}},{"start":{"line":1145,"column":1},"end":{"line":1145,"column":1}}]},"76":{"line":1177,"type":"cond-expr","locations":[{"start":{"line":1177,"column":16},"end":{"line":1177,"column":36}},{"start":{"line":1177,"column":40},"end":{"line":1177,"column":41}}]},"77":{"line":1178,"type":"cond-expr","locations":[{"start":{"line":1178,"column":16},"end":{"line":1178,"column":36}},{"start":{"line":1178,"column":40},"end":{"line":1178,"column":41}}]}},"l":{"1":1,"3":1,"6":1,"9":12,"10":7,"13":5,"20":5,"23":5,"26":5,"31":1,"34":1,"37":1,"38":0,"39":0,"48":1,"49":0,"50":0,"51":0,"52":0,"53":0,"57":1,"60":1,"63":1,"71":1,"72":1,"73":1,"74":2,"75":2,"76":2,"77":2,"78":2,"79":2,"81":0,"84":2,"85":2,"89":8,"101":0,"110":3,"111":3,"112":1,"114":3,"119":8,"122":0,"140":4,"141":4,"144":4,"145":2,"147":4,"152":8,"164":0,"173":2,"174":2,"177":2,"178":2,"179":1,"181":1,"186":8,"198":1,"200":1,"201":1,"202":1,"205":1,"207":0,"210":1,"211":1,"215":1,"216":1,"218":0,"221":1,"222":1,"226":1,"227":1,"228":0,"233":1,"234":1,"235":1,"239":1,"240":1,"241":1,"243":0,"245":1,"246":1,"247":1,"251":0,"254":1,"255":1,"259":1,"260":1,"261":1,"262":0,"266":1,"267":1,"271":1,"272":1,"273":1,"274":0,"279":1,"280":1,"281":2,"284":1,"285":2,"288":1,"290":1,"291":1,"294":1,"296":1,"298":1,"299":1,"300":1,"302":0,"304":1,"311":1,"312":1,"315":1,"316":0,"318":1,"319":1,"322":1,"336":1,"369":1,"378":1,"383":1,"384":1,"386":1,"387":1,"388":1,"389":1,"390":1,"391":1,"392":1,"393":1,"395":1,"398":1,"399":1,"400":14,"403":1,"408":1,"409":14,"410":14,"411":14,"412":14,"414":14,"415":14,"419":14,"421":14,"422":14,"425":1,"426":1,"427":1,"429":1,"430":8,"432":8,"433":8,"434":8,"438":1,"440":1,"442":6,"446":8,"450":1,"451":1,"452":2,"453":2,"456":1,"457":16,"458":16,"461":1,"462":0,"463":0,"466":0,"467":0,"468":0,"472":0,"475":1,"476":16,"479":1,"480":0,"482":0,"483":0,"487":1,"488":14,"493":14,"494":6,"496":8,"499":14,"501":14,"502":14,"503":14,"508":1,"509":2,"513":1,"514":1,"515":3,"516":3,"517":70,"518":65,"521":3,"524":1,"525":72,"526":228,"527":5,"530":67,"533":1,"534":16,"535":14,"536":2,"541":1,"542":2,"543":2,"544":2,"545":2,"546":2,"547":2,"548":2,"549":2,"552":1,"553":0,"559":0,"562":1,"563":1,"564":2,"565":2,"566":2,"567":2,"568":2,"571":1,"572":0,"573":0,"574":0,"575":0,"580":1,"581":2,"583":2,"584":0,"585":0,"587":0,"588":0,"589":0,"594":2,"597":2,"600":1,"601":0,"602":0,"604":0,"605":0,"606":0,"607":0,"611":1,"613":1,"614":2,"615":0,"616":2,"617":0,"619":2,"622":1,"630":1,"631":1,"632":1,"634":2,"635":2,"636":2,"637":2,"638":2,"639":2,"640":2,"644":0,"645":0,"648":0,"649":0,"651":0,"656":0,"660":0,"661":0,"662":0,"663":0,"664":0,"665":0,"666":0,"681":0,"685":0,"691":2,"692":2,"694":2,"696":2,"700":2,"701":0,"702":0,"703":0,"704":0,"705":0,"706":0,"707":0,"708":0,"714":0,"718":0,"719":0,"722":0,"726":2,"727":2,"729":2,"730":2,"731":2,"732":2,"733":2,"734":0,"736":2,"740":2,"744":0,"746":0,"747":0,"748":0,"751":0,"760":2,"764":2,"766":0,"768":0,"770":0,"772":0,"778":2,"779":0,"782":2,"783":2,"784":2,"785":2,"786":2,"788":2,"789":2,"790":2,"791":2,"792":2,"793":2,"794":0,"797":2,"798":0,"800":2,"803":2,"804":2,"805":2,"806":2,"810":0,"811":0,"813":0,"814":0,"815":0,"816":0,"817":0,"818":0,"822":0,"823":0,"825":0,"826":0,"827":0,"828":0,"829":0,"833":0,"834":0,"835":0,"839":1,"842":1,"845":1,"846":1,"847":1,"853":1,"854":2,"855":0,"858":2,"861":1,"862":2,"863":0,"865":2,"867":2,"868":2,"869":2,"872":1,"873":0,"874":0,"875":0,"878":1,"879":0,"880":0,"881":0,"883":0,"887":1,"888":0,"891":1,"892":1,"895":1,"898":1,"899":1,"900":1,"903":0,"906":0,"911":0,"914":0,"915":0,"917":0,"918":0,"919":0,"920":0,"921":0,"923":0,"927":1,"929":1,"930":0,"933":1,"934":0,"935":0,"936":0,"937":0,"942":1,"943":3,"944":3,"945":6,"949":1,"952":1,"955":1,"956":1,"961":1,"962":0,"963":0,"966":0,"967":0,"968":0,"970":0,"971":0,"972":0,"975":0,"976":0,"978":0,"979":0,"980":0,"982":0,"983":0,"984":0,"985":0,"986":0,"989":0,"990":0,"993":0,"994":0,"997":0,"998":0,"1001":0,"1002":0,"1005":0,"1006":0,"1009":0,"1010":0,"1011":0,"1014":0,"1015":0,"1018":0,"1019":0,"1020":0,"1021":0,"1022":0,"1024":0,"1027":0,"1029":0,"1030":0,"1031":0,"1033":0,"1035":0,"1039":1,"1042":1,"1043":1,"1044":1,"1046":1,"1047":2,"1050":1,"1051":0,"1054":1,"1055":0,"1058":1,"1059":2,"1062":1,"1063":3,"1066":1,"1067":0,"1070":1,"1071":0,"1073":0,"1074":0,"1076":0,"1077":0,"1079":0,"1081":0,"1082":0,"1087":0,"1091":1,"1094":1,"1095":1,"1096":1,"1098":1,"1099":0,"1102":1,"1103":2,"1106":1,"1107":2,"1108":0,"1109":0,"1110":0,"1116":1,"1120":1,"1121":1,"1122":1,"1124":1,"1133":1,"1136":1,"1137":1,"1140":1,"1142":1,"1145":0,"1146":0,"1153":1,"1161":1,"1162":1,"1164":1,"1165":0,"1168":1,"1169":1,"1181":0,"1190":1}},
"C:\\Code\\camp-test\\src\\people.spec.js":{"path":"C:\\Code\\camp-test\\src\\people.spec.js","s":{"1":1,"2":1,"3":1,"4":2,"5":0,"6":2,"7":2,"8":2,"9":2,"10":1,"11":1,"12":1,"13":0,"14":0,"15":1,"16":0,"17":0,"18":0,"19":0,"20":0,"21":1,"22":0,"23":1,"24":1,"25":1,"26":1,"27":1,"28":0,"29":1,"30":1,"31":0,"32":1,"33":1,"34":1,"35":1,"36":1,"37":1,"38":1},"b":{"1":[0,2],"2":[0,0],"3":[0,0],"4":[0,0],"5":[0,1],"6":[0,1]},"f":{"1":1,"2":2,"3":0,"4":0,"5":0,"6":0,"7":0,"8":1,"9":0,"10":1,"11":0,"12":1,"13":1,"14":1},"fnMap":{"1":{"name":"(anonymous_1)","line":1,"loc":{"start":{"line":1,"column":10},"end":{"line":1,"column":28}}},"2":{"name":"__webpack_require__","line":6,"loc":{"start":{"line":6,"column":10},"end":{"line":6,"column":49}}},"3":{"name":"(anonymous_3)","line":37,"loc":{"start":{"line":37,"column":34},"end":{"line":37,"column":66}}},"4":{"name":"(anonymous_4)","line":48,"loc":{"start":{"line":48,"column":34},"end":{"line":48,"column":51}}},"5":{"name":"getDefault","line":50,"loc":{"start":{"line":50,"column":12},"end":{"line":50,"column":34}}},"6":{"name":"getModuleExports","line":51,"loc":{"start":{"line":51,"column":12},"end":{"line":51,"column":40}}},"7":{"name":"(anonymous_7)","line":57,"loc":{"start":{"line":57,"column":34},"end":{"line":57,"column":61}}},"8":{"name":"(anonymous_8)","line":69,"loc":{"start":{"line":69,"column":7},"end":{"line":69,"column":66}}},"9":{"name":"addWaiver","line":75,"loc":{"start":{"line":75,"column":0},"end":{"line":75,"column":27}}},"10":{"name":"(anonymous_10)","line":79,"loc":{"start":{"line":79,"column":63},"end":{"line":79,"column":79}}},"11":{"name":"(anonymous_11)","line":91,"loc":{"start":{"line":91,"column":22},"end":{"line":91,"column":25}}},"12":{"name":"(anonymous_12)","line":110,"loc":{"start":{"line":110,"column":7},"end":{"line":110,"column":54}}},"13":{"name":"(anonymous_13)","line":112,"loc":{"start":{"line":112,"column":21},"end":{"line":112,"column":33}}},"14":{"name":"(anonymous_14)","line":113,"loc":{"start":{"line":113,"column":66},"end":{"line":113,"column":78}}}},"statementMap":{"1":{"start":{"line":1,"column":9},"end":{"line":123,"column":12}},"2":{"start":{"line":3,"column":10},"end":{"line":3,"column":36}},"3":{"start":{"line":6,"column":10},"end":{"line":27,"column":11}},"4":{"start":{"line":9,"column":11},"end":{"line":11,"column":12}},"5":{"start":{"line":10,"column":12},"end":{"line":10,"column":54}},"6":{"start":{"line":13,"column":11},"end":{"line":17,"column":13}},"7":{"start":{"line":20,"column":11},"end":{"line":20,"column":95}},"8":{"start":{"line":23,"column":11},"end":{"line":23,"column":27}},"9":{"start":{"line":26,"column":11},"end":{"line":26,"column":33}},"10":{"start":{"line":31,"column":10},"end":{"line":31,"column":42}},"11":{"start":{"line":34,"column":10},"end":{"line":34,"column":51}},"12":{"start":{"line":37,"column":10},"end":{"line":45,"column":12}},"13":{"start":{"line":38,"column":11},"end":{"line":44,"column":12}},"14":{"start":{"line":39,"column":12},"end":{"line":43,"column":15}},"15":{"start":{"line":48,"column":10},"end":{"line":54,"column":12}},"16":{"start":{"line":49,"column":11},"end":{"line":51,"column":59}},"17":{"start":{"line":50,"column":36},"end":{"line":50,"column":61}},"18":{"start":{"line":51,"column":42},"end":{"line":51,"column":56}},"19":{"start":{"line":52,"column":11},"end":{"line":52,"column":54}},"20":{"start":{"line":53,"column":11},"end":{"line":53,"column":25}},"21":{"start":{"line":57,"column":10},"end":{"line":57,"column":128}},"22":{"start":{"line":57,"column":63},"end":{"line":57,"column":125}},"23":{"start":{"line":60,"column":10},"end":{"line":60,"column":54}},"24":{"start":{"line":63,"column":10},"end":{"line":63,"column":64}},"25":{"start":{"line":72,"column":0},"end":{"line":72,"column":74}},"26":{"start":{"line":73,"column":0},"end":{"line":73,"column":22}},"27":{"start":{"line":75,"column":0},"end":{"line":77,"column":1}},"28":{"start":{"line":76,"column":4},"end":{"line":76,"column":32}},"29":{"start":{"line":79,"column":29},"end":{"line":105,"column":3}},"30":{"start":{"line":80,"column":4},"end":{"line":99,"column":6}},"31":{"start":{"line":92,"column":12},"end":{"line":97,"column":14}},"32":{"start":{"line":101,"column":4},"end":{"line":104,"column":6}},"33":{"start":{"line":112,"column":0},"end":{"line":119,"column":3}},"34":{"start":{"line":113,"column":2},"end":{"line":118,"column":5}},"35":{"start":{"line":114,"column":4},"end":{"line":114,"column":40}},"36":{"start":{"line":115,"column":4},"end":{"line":115,"column":41}},"37":{"start":{"line":116,"column":4},"end":{"line":116,"column":29}},"38":{"start":{"line":117,"column":4},"end":{"line":117,"column":29}}},"branchMap":{"1":{"line":9,"type":"if","locations":[{"start":{"line":9,"column":11},"end":{"line":9,"column":11}},{"start":{"line":9,"column":11},"end":{"line":9,"column":11}}]},"2":{"line":38,"type":"if","locations":[{"start":{"line":38,"column":11},"end":{"line":38,"column":11}},{"start":{"line":38,"column":11},"end":{"line":38,"column":11}}]},"3":{"line":49,"type":"cond-expr","locations":[{"start":{"line":50,"column":12},"end":{"line":50,"column":63}},{"start":{"line":51,"column":12},"end":{"line":51,"column":58}}]},"4":{"line":49,"type":"binary-expr","locations":[{"start":{"line":49,"column":24},"end":{"line":49,"column":30}},{"start":{"line":49,"column":34},"end":{"line":49,"column":51}}]},"5":{"line":88,"type":"cond-expr","locations":[{"start":{"line":88,"column":16},"end":{"line":88,"column":36}},{"start":{"line":88,"column":40},"end":{"line":88,"column":41}}]},"6":{"line":89,"type":"cond-expr","locations":[{"start":{"line":89,"column":16},"end":{"line":89,"column":36}},{"start":{"line":89,"column":40},"end":{"line":89,"column":41}}]}},"l":{"1":1,"3":1,"6":1,"9":2,"10":0,"13":2,"20":2,"23":2,"26":2,"31":1,"34":1,"37":1,"38":0,"39":0,"48":1,"49":0,"50":0,"51":0,"52":0,"53":0,"57":1,"60":1,"63":1,"72":1,"73":1,"75":1,"76":0,"79":1,"80":1,"92":0,"101":1,"112":1,"113":1,"114":1,"115":1,"116":1,"117":1}}}
