TN:
SF:C:\Code\camp-test\src\activities.spec.js
FN:1,(anonymous_1)
FN:6,__webpack_require__
FN:37,(anonymous_3)
FN:48,(anonymous_4)
FN:50,getDefault
FN:51,getModuleExports
FN:57,(anonymous_7)
FN:68,(anonymous_8)
FN:72,(anonymous_9)
FN:73,getResource
FN:74,(anonymous_11)
FN:100,(anonymous_12)
FN:109,(anonymous_13)
FN:121,(anonymous_14)
FN:139,(anonymous_15)
FN:163,(anonymous_16)
FN:172,(anonymous_17)
FN:196,(anonymous_18)
FN:200,(anonymous_19)
FN:201,(anonymous_20)
FN:210,(anonymous_21)
FN:221,(anonymous_22)
FN:233,(anonymous_23)
FN:234,(anonymous_24)
FN:254,(anonymous_25)
FN:266,(anonymous_26)
FN:279,(anonymous_27)
FN:280,(anonymous_28)
FN:284,(anonymous_29)
FN:288,(anonymous_30)
FN:290,(anonymous_31)
FN:311,(anonymous_32)
FN:334,(anonymous_33)
FN:336,(anonymous_34)
FN:369,(anonymous_35)
FN:380,(anonymous_36)
FN:383,(anonymous_37)
FN:398,(anonymous_38)
FN:399,now
FN:403,noop
FN:408,XMLHttpRequestEvent
FN:429,XMLHttpRequestProgressEvent
FN:441,(anonymous_43)
FN:445,(anonymous_44)
FN:450,(anonymous_45)
FN:451,EventBus
FN:456,ensureEvent
FN:461,findIndex
FN:475,(anonymous_49)
FN:479,(anonymous_50)
FN:487,(anonymous_51)
FN:508,(anonymous_52)
FN:513,(anonymous_53)
FN:514,extend
FN:524,arrayContains
FN:533,wrapProgressEvent
FN:534,(anonymous_57)
FN:541,initializeEvents
FN:552,unconvertibleResponseTypeMessage
FN:562,fakeRequest
FN:563,FakeXMLHttpRequest
FN:571,findHeader
FN:580,normalizeHeaders
FN:600,parseXml
FN:613,getResponseXml
FN:633,(anonymous_66)
FN:643,(anonymous_67)
FN:655,(anonymous_68)
FN:659,(anonymous_69)
FN:680,(anonymous_70)
FN:684,(anonymous_71)
FN:690,(anonymous_72)
FN:699,(anonymous_73)
FN:713,(anonymous_74)
FN:717,(anonymous_75)
FN:725,(anonymous_76)
FN:743,(anonymous_77)
FN:759,(anonymous_78)
FN:777,(anonymous_79)
FN:809,(anonymous_80)
FN:821,(anonymous_81)
FN:832,(anonymous_82)
FN:845,(anonymous_83)
FN:846,MockAjax
FN:853,(anonymous_85)
FN:861,(anonymous_86)
FN:872,(anonymous_87)
FN:878,(anonymous_88)
FN:887,(anonymous_89)
FN:898,(anonymous_90)
FN:899,ParamParser
FN:902,(anonymous_92)
FN:905,jsonParser
FN:910,(anonymous_94)
FN:913,naiveParser
FN:929,(anonymous_96)
FN:933,(anonymous_97)
FN:942,(anonymous_98)
FN:955,(anonymous_99)
FN:961,RequestStub
FN:962,(anonymous_101)
FN:978,(anonymous_102)
FN:989,(anonymous_103)
FN:993,(anonymous_104)
FN:997,(anonymous_105)
FN:1001,(anonymous_106)
FN:1005,(anonymous_107)
FN:1009,(anonymous_108)
FN:1014,(anonymous_109)
FN:1018,(anonymous_110)
FN:1042,(anonymous_111)
FN:1043,RequestTracker
FN:1046,(anonymous_113)
FN:1050,(anonymous_114)
FN:1054,(anonymous_115)
FN:1058,(anonymous_116)
FN:1062,(anonymous_117)
FN:1066,(anonymous_118)
FN:1070,(anonymous_119)
FN:1094,(anonymous_120)
FN:1095,StubTracker
FN:1098,(anonymous_122)
FN:1102,(anonymous_123)
FN:1106,(anonymous_124)
FN:1131,(anonymous_125)
FN:1136,(anonymous_126)
FN:1158,(anonymous_127)
FN:1164,addWaiver
FN:1168,(anonymous_129)
FN:1180,(anonymous_130)
FNF:130
FNH:78
FNDA:1,(anonymous_1)
FNDA:12,__webpack_require__
FNDA:0,(anonymous_3)
FNDA:0,(anonymous_4)
FNDA:0,getDefault
FNDA:0,getModuleExports
FNDA:0,(anonymous_7)
FNDA:1,(anonymous_8)
FNDA:8,(anonymous_9)
FNDA:2,getResource
FNDA:2,(anonymous_11)
FNDA:0,(anonymous_12)
FNDA:3,(anonymous_13)
FNDA:0,(anonymous_14)
FNDA:4,(anonymous_15)
FNDA:0,(anonymous_16)
FNDA:2,(anonymous_17)
FNDA:1,(anonymous_18)
FNDA:1,(anonymous_19)
FNDA:1,(anonymous_20)
FNDA:1,(anonymous_21)
FNDA:1,(anonymous_22)
FNDA:1,(anonymous_23)
FNDA:1,(anonymous_24)
FNDA:1,(anonymous_25)
FNDA:1,(anonymous_26)
FNDA:1,(anonymous_27)
FNDA:2,(anonymous_28)
FNDA:2,(anonymous_29)
FNDA:1,(anonymous_30)
FNDA:1,(anonymous_31)
FNDA:1,(anonymous_32)
FNDA:1,(anonymous_33)
FNDA:1,(anonymous_34)
FNDA:1,(anonymous_35)
FNDA:1,(anonymous_36)
FNDA:1,(anonymous_37)
FNDA:1,(anonymous_38)
FNDA:14,now
FNDA:0,noop
FNDA:14,XMLHttpRequestEvent
FNDA:8,XMLHttpRequestProgressEvent
FNDA:6,(anonymous_43)
FNDA:8,(anonymous_44)
FNDA:1,(anonymous_45)
FNDA:2,EventBus
FNDA:16,ensureEvent
FNDA:0,findIndex
FNDA:16,(anonymous_49)
FNDA:0,(anonymous_50)
FNDA:14,(anonymous_51)
FNDA:2,(anonymous_52)
FNDA:1,(anonymous_53)
FNDA:3,extend
FNDA:72,arrayContains
FNDA:16,wrapProgressEvent
FNDA:14,(anonymous_57)
FNDA:2,initializeEvents
FNDA:0,unconvertibleResponseTypeMessage
FNDA:1,fakeRequest
FNDA:2,FakeXMLHttpRequest
FNDA:0,findHeader
FNDA:2,normalizeHeaders
FNDA:0,parseXml
FNDA:2,getResponseXml
FNDA:2,(anonymous_66)
FNDA:0,(anonymous_67)
FNDA:0,(anonymous_68)
FNDA:0,(anonymous_69)
FNDA:0,(anonymous_70)
FNDA:0,(anonymous_71)
FNDA:2,(anonymous_72)
FNDA:2,(anonymous_73)
FNDA:0,(anonymous_74)
FNDA:0,(anonymous_75)
FNDA:2,(anonymous_76)
FNDA:0,(anonymous_77)
FNDA:2,(anonymous_78)
FNDA:2,(anonymous_79)
FNDA:0,(anonymous_80)
FNDA:0,(anonymous_81)
FNDA:0,(anonymous_82)
FNDA:1,(anonymous_83)
FNDA:1,MockAjax
FNDA:2,(anonymous_85)
FNDA:2,(anonymous_86)
FNDA:0,(anonymous_87)
FNDA:0,(anonymous_88)
FNDA:0,(anonymous_89)
FNDA:1,(anonymous_90)
FNDA:1,ParamParser
FNDA:0,(anonymous_92)
FNDA:0,jsonParser
FNDA:0,(anonymous_94)
FNDA:0,naiveParser
FNDA:0,(anonymous_96)
FNDA:0,(anonymous_97)
FNDA:3,(anonymous_98)
FNDA:1,(anonymous_99)
FNDA:0,RequestStub
FNDA:0,(anonymous_101)
FNDA:0,(anonymous_102)
FNDA:0,(anonymous_103)
FNDA:0,(anonymous_104)
FNDA:0,(anonymous_105)
FNDA:0,(anonymous_106)
FNDA:0,(anonymous_107)
FNDA:0,(anonymous_108)
FNDA:0,(anonymous_109)
FNDA:0,(anonymous_110)
FNDA:1,(anonymous_111)
FNDA:1,RequestTracker
FNDA:2,(anonymous_113)
FNDA:0,(anonymous_114)
FNDA:0,(anonymous_115)
FNDA:2,(anonymous_116)
FNDA:3,(anonymous_117)
FNDA:0,(anonymous_118)
FNDA:0,(anonymous_119)
FNDA:1,(anonymous_120)
FNDA:1,StubTracker
FNDA:0,(anonymous_122)
FNDA:2,(anonymous_123)
FNDA:2,(anonymous_124)
FNDA:1,(anonymous_125)
FNDA:1,(anonymous_126)
FNDA:1,(anonymous_127)
FNDA:0,addWaiver
FNDA:1,(anonymous_129)
FNDA:0,(anonymous_130)
DA:1,1
DA:3,1
DA:6,1
DA:9,12
DA:10,7
DA:13,5
DA:20,5
DA:23,5
DA:26,5
DA:31,1
DA:34,1
DA:37,1
DA:38,0
DA:39,0
DA:48,1
DA:49,0
DA:50,0
DA:51,0
DA:52,0
DA:53,0
DA:57,1
DA:60,1
DA:63,1
DA:71,1
DA:72,1
DA:73,1
DA:74,2
DA:75,2
DA:76,2
DA:77,2
DA:78,2
DA:79,2
DA:81,0
DA:84,2
DA:85,2
DA:89,8
DA:101,0
DA:110,3
DA:111,3
DA:112,1
DA:114,3
DA:119,8
DA:122,0
DA:140,4
DA:141,4
DA:144,4
DA:145,2
DA:147,4
DA:152,8
DA:164,0
DA:173,2
DA:174,2
DA:177,2
DA:178,2
DA:179,1
DA:181,1
DA:186,8
DA:198,1
DA:200,1
DA:201,1
DA:202,1
DA:205,1
DA:207,0
DA:210,1
DA:211,1
DA:215,1
DA:216,1
DA:218,0
DA:221,1
DA:222,1
DA:226,1
DA:227,1
DA:228,0
DA:233,1
DA:234,1
DA:235,1
DA:239,1
DA:240,1
DA:241,1
DA:243,0
DA:245,1
DA:246,1
DA:247,1
DA:251,0
DA:254,1
DA:255,1
DA:259,1
DA:260,1
DA:261,1
DA:262,0
DA:266,1
DA:267,1
DA:271,1
DA:272,1
DA:273,1
DA:274,0
DA:279,1
DA:280,1
DA:281,2
DA:284,1
DA:285,2
DA:288,1
DA:290,1
DA:291,1
DA:294,1
DA:296,1
DA:298,1
DA:299,1
DA:300,1
DA:302,0
DA:304,1
DA:311,1
DA:312,1
DA:315,1
DA:316,0
DA:318,1
DA:319,1
DA:322,1
DA:336,1
DA:369,1
DA:378,1
DA:383,1
DA:384,1
DA:386,1
DA:387,1
DA:388,1
DA:389,1
DA:390,1
DA:391,1
DA:392,1
DA:393,1
DA:395,1
DA:398,1
DA:399,1
DA:400,14
DA:403,1
DA:408,1
DA:409,14
DA:410,14
DA:411,14
DA:412,14
DA:414,14
DA:415,14
DA:419,14
DA:421,14
DA:422,14
DA:425,1
DA:426,1
DA:427,1
DA:429,1
DA:430,8
DA:432,8
DA:433,8
DA:434,8
DA:438,1
DA:440,1
DA:442,6
DA:446,8
DA:450,1
DA:451,1
DA:452,2
DA:453,2
DA:456,1
DA:457,16
DA:458,16
DA:461,1
DA:462,0
DA:463,0
DA:466,0
DA:467,0
DA:468,0
DA:472,0
DA:475,1
DA:476,16
DA:479,1
DA:480,0
DA:482,0
DA:483,0
DA:487,1
DA:488,14
DA:493,14
DA:494,6
DA:496,8
DA:499,14
DA:501,14
DA:502,14
DA:503,14
DA:508,1
DA:509,2
DA:513,1
DA:514,1
DA:515,3
DA:516,3
DA:517,70
DA:518,65
DA:521,3
DA:524,1
DA:525,72
DA:526,228
DA:527,5
DA:530,67
DA:533,1
DA:534,16
DA:535,14
DA:536,2
DA:541,1
DA:542,2
DA:543,2
DA:544,2
DA:545,2
DA:546,2
DA:547,2
DA:548,2
DA:549,2
DA:552,1
DA:553,0
DA:559,0
DA:562,1
DA:563,1
DA:564,2
DA:565,2
DA:566,2
DA:567,2
DA:568,2
DA:571,1
DA:572,0
DA:573,0
DA:574,0
DA:575,0
DA:580,1
DA:581,2
DA:583,2
DA:584,0
DA:585,0
DA:587,0
DA:588,0
DA:589,0
DA:594,2
DA:597,2
DA:600,1
DA:601,0
DA:602,0
DA:604,0
DA:605,0
DA:606,0
DA:607,0
DA:611,1
DA:613,1
DA:614,2
DA:615,0
DA:616,2
DA:617,0
DA:619,2
DA:622,1
DA:630,1
DA:631,1
DA:632,1
DA:634,2
DA:635,2
DA:636,2
DA:637,2
DA:638,2
DA:639,2
DA:640,2
DA:644,0
DA:645,0
DA:648,0
DA:649,0
DA:651,0
DA:656,0
DA:660,0
DA:661,0
DA:662,0
DA:663,0
DA:664,0
DA:665,0
DA:666,0
DA:681,0
DA:685,0
DA:691,2
DA:692,2
DA:694,2
DA:696,2
DA:700,2
DA:701,0
DA:702,0
DA:703,0
DA:704,0
DA:705,0
DA:706,0
DA:707,0
DA:708,0
DA:714,0
DA:718,0
DA:719,0
DA:722,0
DA:726,2
DA:727,2
DA:729,2
DA:730,2
DA:731,2
DA:732,2
DA:733,2
DA:734,0
DA:736,2
DA:740,2
DA:744,0
DA:746,0
DA:747,0
DA:748,0
DA:751,0
DA:760,2
DA:764,2
DA:766,0
DA:768,0
DA:770,0
DA:772,0
DA:778,2
DA:779,0
DA:782,2
DA:783,2
DA:784,2
DA:785,2
DA:786,2
DA:788,2
DA:789,2
DA:790,2
DA:791,2
DA:792,2
DA:793,2
DA:794,0
DA:797,2
DA:798,0
DA:800,2
DA:803,2
DA:804,2
DA:805,2
DA:806,2
DA:810,0
DA:811,0
DA:813,0
DA:814,0
DA:815,0
DA:816,0
DA:817,0
DA:818,0
DA:822,0
DA:823,0
DA:825,0
DA:826,0
DA:827,0
DA:828,0
DA:829,0
DA:833,0
DA:834,0
DA:835,0
DA:839,1
DA:842,1
DA:845,1
DA:846,1
DA:847,1
DA:853,1
DA:854,2
DA:855,0
DA:858,2
DA:861,1
DA:862,2
DA:863,0
DA:865,2
DA:867,2
DA:868,2
DA:869,2
DA:872,1
DA:873,0
DA:874,0
DA:875,0
DA:878,1
DA:879,0
DA:880,0
DA:881,0
DA:883,0
DA:887,1
DA:888,0
DA:891,1
DA:892,1
DA:895,1
DA:898,1
DA:899,1
DA:900,1
DA:903,0
DA:906,0
DA:911,0
DA:914,0
DA:915,0
DA:917,0
DA:918,0
DA:919,0
DA:920,0
DA:921,0
DA:923,0
DA:927,1
DA:929,1
DA:930,0
DA:933,1
DA:934,0
DA:935,0
DA:936,0
DA:937,0
DA:942,1
DA:943,3
DA:944,3
DA:945,6
DA:949,1
DA:952,1
DA:955,1
DA:956,1
DA:961,1
DA:962,0
DA:963,0
DA:966,0
DA:967,0
DA:968,0
DA:970,0
DA:971,0
DA:972,0
DA:975,0
DA:976,0
DA:978,0
DA:979,0
DA:980,0
DA:982,0
DA:983,0
DA:984,0
DA:985,0
DA:986,0
DA:989,0
DA:990,0
DA:993,0
DA:994,0
DA:997,0
DA:998,0
DA:1001,0
DA:1002,0
DA:1005,0
DA:1006,0
DA:1009,0
DA:1010,0
DA:1011,0
DA:1014,0
DA:1015,0
DA:1018,0
DA:1019,0
DA:1020,0
DA:1021,0
DA:1022,0
DA:1024,0
DA:1027,0
DA:1029,0
DA:1030,0
DA:1031,0
DA:1033,0
DA:1035,0
DA:1039,1
DA:1042,1
DA:1043,1
DA:1044,1
DA:1046,1
DA:1047,2
DA:1050,1
DA:1051,0
DA:1054,1
DA:1055,0
DA:1058,1
DA:1059,2
DA:1062,1
DA:1063,3
DA:1066,1
DA:1067,0
DA:1070,1
DA:1071,0
DA:1073,0
DA:1074,0
DA:1076,0
DA:1077,0
DA:1079,0
DA:1081,0
DA:1082,0
DA:1087,0
DA:1091,1
DA:1094,1
DA:1095,1
DA:1096,1
DA:1098,1
DA:1099,0
DA:1102,1
DA:1103,2
DA:1106,1
DA:1107,2
DA:1108,0
DA:1109,0
DA:1110,0
DA:1116,1
DA:1120,1
DA:1121,1
DA:1122,1
DA:1124,1
DA:1133,1
DA:1136,1
DA:1137,1
DA:1140,1
DA:1142,1
DA:1145,0
DA:1146,0
DA:1153,1
DA:1161,1
DA:1162,1
DA:1164,1
DA:1165,0
DA:1168,1
DA:1169,1
DA:1181,0
DA:1190,1
LF:522
LH:325
BRDA:9,1,0,7
BRDA:9,1,1,5
BRDA:38,2,0,0
BRDA:38,2,1,0
BRDA:49,3,0,0
BRDA:49,3,1,0
BRDA:49,4,0,0
BRDA:49,4,1,0
BRDA:78,5,0,2
BRDA:78,5,1,0
BRDA:111,6,0,1
BRDA:111,6,1,2
BRDA:111,7,0,3
BRDA:111,7,1,2
BRDA:144,8,0,2
BRDA:144,8,1,2
BRDA:144,9,0,4
BRDA:144,9,1,3
BRDA:177,10,0,1
BRDA:177,10,1,1
BRDA:380,11,0,1
BRDA:380,11,1,0
BRDA:457,12,0,16
BRDA:457,12,1,16
BRDA:462,13,0,0
BRDA:462,13,1,0
BRDA:467,14,0,0
BRDA:467,14,1,0
BRDA:482,15,0,0
BRDA:482,15,1,0
BRDA:493,16,0,6
BRDA:493,16,1,8
BRDA:501,17,0,14
BRDA:501,17,1,0
BRDA:515,18,0,3
BRDA:515,18,1,2
BRDA:517,19,0,65
BRDA:517,19,1,5
BRDA:526,20,0,5
BRDA:526,20,1,223
BRDA:535,21,0,2
BRDA:535,21,1,12
BRDA:574,22,0,0
BRDA:574,22,1,0
BRDA:583,23,0,0
BRDA:583,23,1,2
BRDA:584,24,0,0
BRDA:584,24,1,0
BRDA:588,25,0,0
BRDA:588,25,1,0
BRDA:594,26,0,2
BRDA:594,26,1,0
BRDA:601,27,0,0
BRDA:601,27,1,0
BRDA:614,28,0,0
BRDA:614,28,1,2
BRDA:616,29,0,0
BRDA:616,29,1,2
BRDA:644,30,0,0
BRDA:644,30,1,0
BRDA:648,31,0,0
BRDA:648,31,1,0
BRDA:700,32,0,0
BRDA:700,32,1,2
BRDA:701,33,0,0
BRDA:701,33,1,0
BRDA:703,34,0,0
BRDA:703,34,1,0
BRDA:705,35,0,0
BRDA:705,35,1,0
BRDA:707,36,0,0
BRDA:707,36,1,0
BRDA:718,37,0,0
BRDA:718,37,1,0
BRDA:727,38,0,0
BRDA:727,38,1,2
BRDA:732,39,0,2
BRDA:732,39,1,0
BRDA:733,40,0,0
BRDA:733,40,1,2
BRDA:744,41,0,0
BRDA:744,41,1,0
BRDA:760,42,0,0
BRDA:760,42,1,2
BRDA:760,42,2,2
BRDA:760,42,3,0
BRDA:760,42,4,0
BRDA:760,42,5,0
BRDA:760,42,6,0
BRDA:764,43,0,2
BRDA:764,43,1,0
BRDA:778,44,0,0
BRDA:778,44,1,2
BRDA:783,45,0,2
BRDA:783,45,1,2
BRDA:788,46,0,2
BRDA:788,46,1,0
BRDA:789,47,0,2
BRDA:789,47,1,2
BRDA:790,48,0,2
BRDA:790,48,1,2
BRDA:792,49,0,2
BRDA:792,49,1,0
BRDA:793,50,0,0
BRDA:793,50,1,2
BRDA:797,51,0,0
BRDA:797,51,1,2
BRDA:810,52,0,0
BRDA:810,52,1,0
BRDA:822,53,0,0
BRDA:822,53,1,0
BRDA:854,54,0,0
BRDA:854,54,1,2
BRDA:862,55,0,0
BRDA:862,55,1,2
BRDA:920,56,0,0
BRDA:920,56,1,0
BRDA:936,57,0,0
BRDA:936,57,1,0
BRDA:963,58,0,0
BRDA:963,58,1,0
BRDA:966,59,0,0
BRDA:966,59,1,0
BRDA:972,60,0,0
BRDA:972,60,1,0
BRDA:975,61,0,0
BRDA:975,61,1,0
BRDA:980,62,0,0
BRDA:980,62,1,0
BRDA:1021,63,0,0
BRDA:1021,63,1,0
BRDA:1027,64,0,0
BRDA:1027,64,1,0
BRDA:1030,65,0,0
BRDA:1030,65,1,0
BRDA:1033,66,0,0
BRDA:1033,66,1,0
BRDA:1035,67,0,0
BRDA:1035,67,1,0
BRDA:1035,67,2,0
BRDA:1035,67,3,0
BRDA:1074,68,0,0
BRDA:1074,68,1,0
BRDA:1074,69,0,0
BRDA:1074,69,1,0
BRDA:1077,70,0,0
BRDA:1077,70,1,0
BRDA:1077,71,0,0
BRDA:1077,71,1,0
BRDA:1081,72,0,0
BRDA:1081,72,1,0
BRDA:1109,73,0,0
BRDA:1109,73,1,0
BRDA:1142,74,0,1
BRDA:1142,74,1,0
BRDA:1142,74,2,0
BRDA:1145,75,0,0
BRDA:1145,75,1,0
BRDA:1177,76,0,0
BRDA:1177,76,1,1
BRDA:1178,77,0,0
BRDA:1178,77,1,1
BRF:162
BRH:54
end_of_record
TN:
SF:C:\Code\camp-test\src\people.spec.js
FN:1,(anonymous_1)
FN:6,__webpack_require__
FN:37,(anonymous_3)
FN:48,(anonymous_4)
FN:50,getDefault
FN:51,getModuleExports
FN:57,(anonymous_7)
FN:69,(anonymous_8)
FN:75,addWaiver
FN:79,(anonymous_10)
FN:91,(anonymous_11)
FN:110,(anonymous_12)
FN:112,(anonymous_13)
FN:113,(anonymous_14)
FNF:14
FNH:7
FNDA:1,(anonymous_1)
FNDA:2,__webpack_require__
FNDA:0,(anonymous_3)
FNDA:0,(anonymous_4)
FNDA:0,getDefault
FNDA:0,getModuleExports
FNDA:0,(anonymous_7)
FNDA:1,(anonymous_8)
FNDA:0,addWaiver
FNDA:1,(anonymous_10)
FNDA:0,(anonymous_11)
FNDA:1,(anonymous_12)
FNDA:1,(anonymous_13)
FNDA:1,(anonymous_14)
DA:1,1
DA:3,1
DA:6,1
DA:9,2
DA:10,0
DA:13,2
DA:20,2
DA:23,2
DA:26,2
DA:31,1
DA:34,1
DA:37,1
DA:38,0
DA:39,0
DA:48,1
DA:49,0
DA:50,0
DA:51,0
DA:52,0
DA:53,0
DA:57,1
DA:60,1
DA:63,1
DA:72,1
DA:73,1
DA:75,1
DA:76,0
DA:79,1
DA:80,1
DA:92,0
DA:101,1
DA:112,1
DA:113,1
DA:114,1
DA:115,1
DA:116,1
DA:117,1
LF:37
LH:27
BRDA:9,1,0,0
BRDA:9,1,1,2
BRDA:38,2,0,0
BRDA:38,2,1,0
BRDA:49,3,0,0
BRDA:49,3,1,0
BRDA:49,4,0,0
BRDA:49,4,1,0
BRDA:88,5,0,0
BRDA:88,5,1,1
BRDA:89,6,0,0
BRDA:89,6,1,1
BRF:12
BRH:3
end_of_record
